Final query: SELECT * FROM webhook_responses
Final parameters: []
Number of rows fetched: 72896
Sample messages in the data:
Sample messages: ['', '', '', '', None]
Sample timestamps: ['1723086598', '1723090671', '1723090893', '1723092429', '1723093143']
Final query: SELECT * FROM webhook_responses
Final parameters: []
Number of rows fetched: 72897
Sample messages in the data:
Sample messages: ['', '', '', '', None]
Sample timestamps: ['1723086598', '1723090671', '1723090893', '1723092429', '1723093143']
total number of contacts in report: ['919997028428', '', '919811096362', '917825000111', '919873782800', '919630020025', '918130253509', '919592881868', '919813939292', '918700313692', '919718171912', '919934497293', '919773800000', '919801494195', '917042388583', '919829050621', '917011398552', '918890652386', '919708477476', '919229205555', '918980116302', '918802497829', '918287500500', '919855777783', '919560720559', '917019595317', '919928023384', '919718518939', '919729274643', '919818635123', '919716440096', '919797188624', '918219021368', '919812022480', '918130987347', '919501157283', '919910792110', '918303690403', '919711881549', '919988290037', '917827856956', '919571123451', '918287111305', '918447531387', '919999515213', '919557777500', '918295309895', '917011850953', '916398189646', '919773711572', '917290023415', '919625375928', '918930447777', '919694187043', '918448278511', '919599621111', '919559923456', '919999592079', '919210045678', '918059880048', '917006145335', '919664109127', '918109009917', '917042087898', '919811223181', '917290023416', '916392855399', '919350280571', '919924400640', '918171532733', '919100166424', '918736877954', '918860214277', '919548918304', '918839998250', '919999349007', '919810267877', '917906748534', '918826694943', '917836963566', '919479347077', '919354580200', '919268395680', '919814302898', '918860060881', '919971200195', '919971997281', '919211858551', '919899228932', '919871392196', '919888240059', '917428414242', '918077681343', '919811262300', '917827282833', '919204052465', '917499186516', '919871174133', '918882523924', '918802393606', '918130130163', '917503565596', '919464072304', '919377888899', '918860983809', '919540534154', '918882793606', '919559923999', '919611999995', '919326985532', '919810224127', '919953117155', '919717171010', '919887071160', '919949321538', '918400000823', '919205529961', '917015528089', '919099949645', '919582869936', '919810980115', '919920463112', '917838881000', '919818860481', '919650135153', '919711910863', '918376022221', '918826262525', '919278678662', '919888208880', '919693821909', '916393600008', '919717452701', '918750891134', '919870171702', '919815240730', '918219927278', '919023021496', '918800580951', '919911539003', '919565047821', '916206603734', '919305324686', '919760086050', '919819416809', '917503030000', '918282820212', '918860441451', '919041019938', '919999004427', '918369678872', '917979976719', '919289512810', '919029589112', '919418187220', '919168181797', '919914904760', '919671400892', '919999998859', '919340954542', '919540059036', '918605410731', '919876635100', '919555189075', '919007192420', '919811801669', '919501097304', '919625941461', '918287610590', '918468050322', '917827428247', '918368030890', '919999553958', '919451528890', '919210109800', '918277958066', '919717918367', '918586993589', '919821932348', '919650429967', '919999774844', '919888042370', '919528261904', '918285055176', '919300300786', '919814173125', '918875026105', '919810138883', '919899690556', '919810034741', '919818246888', '919929711138', '919871976054', '918826256282', '919599004380', '917275860639', '916388825879', '919910018282', '917503711492', '919818834612', '919818874475', '919999660438', '918994317167', '919720299638', '919556756304', '917840040079', '918006366899', '919893501127', '919690344555', '918447999433', '918588844286', '919318327604', '919878646474', '918181814478', '918051600071', '919778013013', '919888865297', '919643665252', '917706000181', '919911889195', '916001509732', '919953094638', '919773580878', '919987593939', '919582158258', '919564468443', '919706527549', '919818926065', '918368914513', '919871526492', '918506032698', '918689070490', '917745816216', '918935812900', '919599521741', '919992113302', '919717750164', '919091766268', '919899822375', '918920836265', '918894285550', '919821794817', '919312908830', '919771473195', '919810827525', '919450977593', '919992225779', '917906463037', '919461259257', '919717372674', '919871879761', '919812007047', '918448028818', '918789203393', '918054713414', '917564054425', '919706009774', '919717776473', '918882895813', '918276958022', '919773690547', '918699197700', '919310503939', '919983111634', '919319841186', '919896182487', '919999592083', '918920822672', '919773898075', '919818339411', '919340773381', '918947920041', '919871219906', '918882122047', '919999099435', '919914592610', '918171074881', '917508928790', '919838304623', '919311411254', '919680211666', '919594929936', '918586980002', '918130820557', '918010732494', '919211504248', '917888959931', '919958867668', '919588624558', '919888650986', '919810323664', '917275110000', '919792490909', '919289714316', '919888671007', '918510010060', '919971808011', '919066066464', '919835252920', '917669045203', '919899114004', '918169726823', '918707006859', '918929664735', '919818462085', '919899561926', '919829065635', '918433496817', '919924503365', '919173135352', '919818808812', '918700562945', '919967780425', '919368586883', '918860606512', '919773937977', '918923975810', '919999679705', '919212330377', '916306754412', '917419810020', '919958868198', '917903454942', '918826452499', '917837815356', '918787746552', '919820496302', '919196300011', '919211820059', '919811305939', '917838191924', '919958232322', '919765644262', '919717856883', '917982937434', '919999670334', '919073695374', '919958877881', '918126888910', '919811747584', '918799599233', '918287712507', '918899000299', '917210104050', '919811132031', '919350533838', '918816094888', '919572225863', '919833706986', '919811704819', '919977701099', '918882123491', '919871374433', '919828288183', '919756791010', '919628555550', '919826942211', '918826444889', '917210507778', '918708456120', '919999995950', '919829515786', '919811223182', '918954978784', '919849083414', '917677509720', '919917777707', '919465469009', '919923668188', '919818117879', '918901143388', '919772255339', '917982160660', '918588840006', '918860626512', '919810914246', '917982153151', '917742304272', '919999124825', '918305048665', '919999190680', '919770192204', '918077460683', '917011530956', '916377882880', '919354052078', '919900035329', '919958484066', '918700170483', '916280069244', '919873821161', '917287000010', '919839626002', '915489183304', '919604196042', '919463510000', '918607755770', '919808276798', '918860139050', '919909979925', '919810029666', '919873067465', '919810049691', '917050915074', '917781038756', '917087302555', '918595996589', '919968922719', '917771008603', '918744071200', '919999888918', '919910552153', '918603111101', '917014637015', '919971606088', '918800745541', '919310037765', '917042196934', '919999688375', '919891982088', '918588878897', '918276966794', '917498904728', '919902512490', '917827438770', '919315641736', '919971102413', '917699931999', '918873966712', '919136369036', '919321838905', '919682425093', '918376999210', '919599778369', '918360903116', '917770000900', '919971767855', '918890093388', '919599975975', '918920659706', '919896960980', '917290064595', '918516929320', '919812302097', '919999569780', '919643682384', '919990446122', '919992272770', '919319661448', '919606606253', '917827803066', '919815234856', '919855694036', '919785643239', '917011549089', '918383045704', '918802999957', '918003434159', '919983457494', '917499950497', '919548900765', '919780529694', '918128090909', '917701949818', '919560912666', '918287111493', '919971388818', '919911113576', '918624999426', '917982912136', '917011007397', '919999964462', '916361161836', '917042049214', '919929760760', '919810480978', '919001994401', '918053786088', '918668210745', '919690387777', '919891016741', '919760678134', '917087876778', '919915814267', '917054322222', '918076029080', '918511004444', '919015283784', '918291392595', '918222891207', '919582352596', '919910289068', '917773000115', '919999124681', '919034090663', '918130670881', '918802534455', '917523837519', '917455000966', '919811761676', '918860083013', '919355522644', '919711340505', '919999917628', '918530681111', '917070812047', '919541859712', '919499244444', '918826771219', '919898952278', '918368421850', '919873019336', '919664013374', '919999666162', '919636618387', '919560033928', '919310654494', '918130650521', '918700702556', '919907186547', '919818322703', '919329145330', '918809455593', '919821211123', '918587875666', '919646755199', '919530078739', '919872144408', '918802991128', '919899437167', '918178815459', '918054321041', '918595057059', '919205859159', '919818350462', '919950142121', '918448325053', '919650622600', '918287400400', '919911111194', '919891356894', '918506828298', '919632014613', '919999606084', '918826600714', '919916172310', '919560774370', '919983862024', '918859500706', '919827177165', '919830487777', '919873004312', '917701933145', '918287078723', '919574303888', '919718223914', '918739901100', '918851588660', '918287110750', '919689888274', '919997099979', '919910303908', '918448599330', '918146494246']
total number of contacts in db: 562
User test_demo@gmail.com logged in successfully.
Final query: SELECT * FROM webhook_responses
Final parameters: []
Number of rows fetched: 72897
Sample messages in the data:
Sample messages: ['', '', '', '', None]
Sample timestamps: ['1723086598', '1723090671', '1723090893', '1723092429', '1723093143']
total number of contacts in report: ['919897769659', '919810153037', '919818887807', '919212436335', '919811035375', '919811015944', '919810017117', '919811805545', '919810108273', '919250942153', '919818308830', '919811089880', '919910100015', '919810031551', '917838066417', '919810080057', '919811160963', '919810464006', '919212534946', '918527224980', '919891049818', '917024561027', '919793633199', '919212166666', '919811104655', '919810083084', '919810058685', '919810344514', '919810937383', '919811076644', '919810132701', '919810018324', '919811020689', '919871151563', '919899029759', '919811303111', '919899888490', '919810036088', '919891323669', '919310609378', '919891148300', '919818002083', '919971518242', '919810661252', '919934316103', '919811174927', '919711194190', '919871196527', '919810067890', '918800338800', '918295726405', '919810316877', '919811046118', '919810156483', '919891466666', '919811044966', '919810049222', '919999888168', '919811711450', '919308728707', '917721492542', '918400366622', '919310962020', '919984674702', '919811070552', '919810954887', '919999142000', '918826292489', '918400000308', '919811038400', '917818941426', '919899999048', '919811127126', '919999846151', '919312221416', '919818658773', '919810155802', '919871017776', '919873133883', '919818103108', '919312533000', '919903507722', '919540365255', '919953459843', '919811018309', '919910607516', '919871560049', '919899837338', '919830107810', '919990106666', '919810129318', '919811085413', '919873155802', '919999111101', '919810055528', '919899317600', '919999945458', '919711815000', '916476862973', '919810026948', '917042776959', '919311675489', '919810016388', '919810269725', '919811067087', '919313005657', '919810027444', '919811717675', '919818099020', '919810646382', '919911198726', '919810226605', '919818101654', '919891418842', '919810007008', '919312655856', '919054771458', '919582592211', '919811775213', '919810005238', '916293000050', '919811102255', '919811076829', '919810220812', '919811664544', '919811102039', '919810553100', '919811666909', '919311114040', '919811101244', '6361161836', '917707101489', '918396820007', '919818832266', '9311429868', '919810700008', '919899988899', '919811151581', '919899633311', '919999155320', '919810029008', '919810035379', '919811287714', '918860079499', '919811064496', '919873058589', '919811066974', '919971588688', '918800347000', '919810157043', '919999300000', '919891839040', '919311439863', '919971864979', '919811177776', '919999919900', '919810061123', '919811117173', '919811071842', '919811034433', '919811300000', '919811064111', '919810774320', '919810011678', '919810001131', '919899224946', '919811261095', '919086474157', '919811468534', '919650888888', '919810609377', '919910341000', '919810031111', '919811187000', '919811042640', '919582591122', '919873687823', '919810134345', '919810018455', '919811078053', '919999990015', '919810309750', '919810036388', '919810090642', '919773870533', '919811045515', '919999765901', '919810319800', '919910808823', '918448972449', '919811204201', '919810355595', '919810009669', '919810223027', '919310396605', '919831005486', '919899700371', '919811056360', '919582586688', '919818001984', '919871103113', '919810156136', '919312665698', '919899589999', '919833081435', '918586926651', '919311188008', '919911106000', '919810254828', '919810234563', '919835026069', '919810774123', '919810071407', '919810125825', '919818994827', '919910099962', '919910366683', '919810139075', '919811739149', '919811030353', '919811104000', '919811088668', '919313386000', '919810411118', '919999350002', '919811512234', '919899899933', '919810012909', '919810180343', '919868570780', '919999033200', '919968161303', '919811118475', '91+14706774387', '919810144422', '919811089660', '919911675764', '919810045051', '919810132357', '919999200006', '919811085133', '919871038363', '919810079378', '919811677985', '917789977597', '919811604703', '919999992010', '919810035888', '919811110840', '9162304032', '919311805670', '919999891257', '919810172585', '919810035233', '919873391910', '919811305016', '919891999999', '919811108920', '919810055120', '919810023168', '919810073208', '917931641108', '919810127077', '919911717071', '919810708090', '919810269680', '919899696150', '919818212120', '919910085854', '919873739992', '919211628748', '917838933365', '919810025733', '918285055176', '919810606060', '919810347811', '919255582739', '919876148810', '919820140325', '919810502497', '919811024592', '919971080497', '919971927859', '919811595929', '919810108263', '919891900000', '919899049444', '919773608079', '919873448488', '919810002627', '919873857997', '919811158912', '919810008518', '919818581069', '919811101830', '919811278852', '919810623185', '919810419025', '919811057135', '919718140238', '919873000781', '917982768448', '919871315934', '919811024846', '919811347143', '919810008850', '919811903450', '919763714201', '919899745807', '919810848882', '919582173918', '919810454404', '919911445144', '919311563000', '919810027542', '919835038148', '919872427002', '919868219326', '919899287335', '919999848400', '919999517255', '919711808414', '919971918972', '919911619786', '918130770905', '919810063516', '919312666262', '918664672578', '919871377034', '919810002911', '919810079098', '919311022222', '919811200060', '919810123604', '919311610606', '919899667722', '919871470635', '919419001227', '919810038555', '919810144456', '919810101034', '918586928776', '919540999136', '919810004807', '919818968465', '919899044888', '919810087773', '919810089792', '919811023150', '919810187788', '919811041919', '919811667904', '919878724223', '919891402080', '919999718419', '919810009181', '919999978000', '919811131257', '919810770766', '919899476120', '919999025214', '918802588468', '919811625845', '919899221097', '919810021069', '919810153801', '919810025907', '919811164076', '919814007707', '919811077350', '919818143946', '919811037990', '919204597628', '919811078133', '919873589901', '919871444495', '919871745254', '919711079389', '919810324865', '919873894489', '919711154369', '919350876843', '919818052954', '919953039429', '9311429863', '919210693646', '919810786371', '919891153970', '917731688666', '919896400015', '919810020877', '919810127338', '919899977937', '919810007184', '919811049876', '919811071325', '919810012432', '919811100009', '919810131905', '919973604496', '919811226600', '918585928084', '919083275444', '919810219981', '919811503333', '917949009191', '918800095701', '919810414165', '919871687687', '919811407000', '919999890714', '919810389887', '919350859333', '919818306400', '919873064000', '919971988812', '919896182487', '919560047999', '919810001815', '919891195009', '919811087240', '919811192171', '919810043233', '919899472892', '918802040404', '919899070376', '919818938004', '919971119901', '919312643108', '919811064578', '919810943379', '919810613979', '919811035520', '919810128575', '919810826737', '918586928940', '919810309112', '919911542000', '919810129756', '918527855552', '919873706975', '919818454949', '919350642766', '919810431181', '919810561790', '919818706248', '919811798717', '917958331243', '919810778899', '919891149191', '919654624644', '919811105544', '919718432277', '919810613458', '919820752011', '919810138500', '919838725960', '919810431112', '919811035325', '919911290022', '919811087829', '919811317901', '919910328888', '918826357386', '919810060271', '919810134530', '919891299929', '919582587700', '919811031012', '919810300008', '917023383840', '919810400009', '919810500237', '919810572153', '919820755032', '919717891175', '919811556433', '919818119621', '919873843231', '919810047997', '919839049760', '919839655858', '919811555747', '919958990740', '918699691117', '919818922805', '919582592288', '919869010477', '919910378274', '919873623000', '919721213336', '919650210000', '919810006320', '919871952541', '919899036000', '919811790555', '919919852111', '919839166332', '919810608023', '919810629786', '919999774100', '919818147188', '918527725000', '919873511116', '919810094514', '919810747126', '919810129807', '919810084430', '919999987475', '919911149111', '919810016261', '917838294966', '918586926862', '919873253704', '919815141616', '919711067447', '919811333425', '919818066566', '919811377199', '919871092736', '919711756888', '919810016435', '919999800003', '919930767834', '919810140070', '919811040686', '919999557575', '919891542443', '919311686863', '919818701633', '919313336825', '919711011085', '919934305202', '919911372753', '919650200097', '919891002658', '919810657866', '919811032043', '919810125444', '919811037629', '919891697587', '919971699099', '919833107555', '919811036506', '919716005528', '919990059098', '919810260080', '919313878494', '919899465165', '919811114117', '919311167464', '919871303132', '919999888456', '919810013025', '919711347474', '919810623248', '919810647814', '919811114777', '919810236933', '919811921333', '919810709911', '919810222022', '919899513136', '919891012333', '919811063086', '919910002229', '919958982555', '919873339997', '919873004719', '919250214592', '919810026354', '919990360188', '919871171196', '919871099994', '919891647945', '919350245731', '919810053666', '919958110765', '919810045820', '919899593999', '919312115122', '918586928165', '919910914368', '919811285257', '919718736035', '919810037701', '919811269169', '918586928163', '919815205554', '919818860007', '919873883783', '919212022424', '919811077909', '919811595353', '919810267664', '919709815001', '919910088652', '919312214280', '919415202420', '919810440000', '919810264508', '919810263168', '919818260197', '919810049788', '919910693984', '919810661239', '919810145343', '919811252835', '919999661104', '919711232001', '919818884888', '919810048580', '919810317851', '919711618080', '919560182601', '919313520195', '919911166660', '919871383181', '917807966102', '919811031132', '919835831219', '919971563131', '919968319709', '919334171274', '919910266552', '919507448010', '919811144323', '919810367467', '919315494292', '919810200557', '919910648999', '919891686863', '919350852283', '919811091675', '917905041478', '919811624024', '919818201064', '919958886688', '919810622668', '919811283813', '919810522314', '919268743252', '919899727979', '919899497000', '919650932043', '919810320374', '919810238921', '919810116748', '919810010908', '919810224146', '919891960958', '919810437727', '919711111694', '916786439459', '919811109288', '919971175000', '919818600144', '919871314363', '919899044321', '919910771415', '919654792918', '919999655122', '919811944441', '919350790627', '919811046050', '919990979797', '919971283627', '919810056500', '918800904242', '919811077119', '919999313400', '919811050140', '919540035083', '919871114720', '919999831810', '919818679879', '919810080585', '919810106077', '919871872786', '919810028882', '919810810898', '919971777263', '919910106510', '919716791013', '919811963000', '919971112103', '919899781816', '919818620297', '919810658177', '919212403931', '919312370180', '919910067406', '919911360977', '919811204633', '919810020522', '919582591199', '919899934088', '919810003510', '919811029944', '919311429868', '919971639990', '917595069413', '919811088201', '919811312000', '919888333566', '919810037387', '919810223425', '919650075553', '919810027388', '919810000019', '919899003611', '919811011006', '919811030203', '9643682384', '919811046603', '919810381199', '919818355480', '919810120315', '919953000999', '919811324025', '919643682384', '919897020023', '919811552091', '919810095657', '971501033899', '917838131313', '919810016877', '919810015944', '919560711000', '919810049388', '919540999132', '919718677008', '919911565842', '919873744500', '919891061666', '919901026411', '919810102391', '919811297154', '919810030072', '919810003619', '919810714529', '919820217615', '919811713137', '919810350067', '919910671764', '919711144751', '919910510101', '919810086970', '919971507744', '919215818121', '919810119621', '919810228691', '917838294969', '919818831142', '919810016899', '919810414494', '919818266606', '919818639931', '919711320202', '919415406092', '919899990005', '919990230282', '919891567520', '919873934638', '919811207718', '919711007793', '919911166000', '919992879004', '919810428811', '919810100020', '919810024525', '919810078218', '919811407781', '919312235917', '919810035791', '919811068939', '919711155995', '919839031689', '919810123853', '919971868635', '9179302261', '919810009262', '919210456493', '919999991888', '919934309798', '919810002134', '919810477777', '919999029293', '919899830000', '919810052360', '916361161836', '8285055176', '919810040066', '919310025803', '919971510000', '919871933378', '919810267140', '919811151787', '919810348367', '919899298929', '919711153231', '919820152308', '917142262145', '919990944117', '919956700008', '918285299999', '919811181222', '919811267302', '919871595881', '919810230354', '919891222007', '919810007272', '919810347147', '919811118301', '919415138866', '919717749455', '919013852412', '919416473225', '919811585872', '919650055550', '919811172013', '919899128882', '919891740007', '919999661818', '919811154997', '919811074009', '919911448796', '918130079217', '919873711700', '919891862351', '919899297897', '919899889922', '919810743166', '919818477600', '919810880786', '919811031570', '919711340505', '919835221425', '919818311338', '918565083567', '919999130026', '919810120892', '919467956081', '919899762848', '919810922222', '917838000009', '919810544444', '919958318855', '919871267651', '919810184543', '919810056748', '919811275180', '919811213239', '919810029209', '916048975796', '919811595999', '919810265658', '919871217007', '919810220000', '919839059273', '919811013446', '919871735122', '919873332877', '919873322122', '919910392146', '919871308387', '919350788907', '919910333247', '919871841397', '919999966666', '919810158245', '919810201300', '919999720046', '919811071895', '919811089428', '919211077098', '919910175704', '919810265677', '919811224680', '919811233333', '919999333423', '919810007207', '919990378194', '919811431581', '919811031671', '919990002300', '919650746924', '919868869225', '919971698001', '918586928771', '919820988609', '919818099999', '919811241433', '919999720377', '919810060595', '919871116404', '919810300007', '919311429863', '919711155991', '919540999134', '919873737277', '919911017268', '919810029793', '919811063801', '919811087970', '919818025687', '919811039889', '919811042102', '918586926654', '919082659656', '917065354391', '919899477980', '919953316696', '919891624294', '919466667105', '919810133688', '918860317129']
total number of contacts in db: 168
Final query: SELECT * FROM webhook_responses
Final parameters: []
Number of rows fetched: 72897
Sample messages in the data:
Sample messages: ['', '', '', '', None]
Sample timestamps: ['1723086598', '1723090671', '1723090893', '1723092429', '1723093143']
total number of contacts in report: 917
total number of contacts in db: 168
User Itsolution4india logged in successfully.
Final query: SELECT * FROM webhook_responses
Final parameters: []
Number of rows fetched: 72899
Sample messages in the data:
Sample messages: ['', '', '', '', None]
Sample timestamps: ['1723086598', '1723090671', '1723090893', '1723092429', '1723093143']
total number of contacts in report: 564
total number of contacts in db: 562
Final query: SELECT * FROM webhook_responses
Final parameters: []
Number of rows fetched: 72899
Sample messages in the data:
Sample messages: ['', '', '', '', None]
Sample timestamps: ['1723086598', '1723090671', '1723090893', '1723092429', '1723093143']
total number of contacts in report: 564
total number of contacts in db: 562
Final query: SELECT * FROM webhook_responses
Final parameters: []
Number of rows fetched: 72899
Sample messages in the data:
Sample messages: ['', '', '', '', None]
Sample timestamps: ['1723086598', '1723090671', '1723090893', '1723092429', '1723093143']
total number of contacts in report: 564
total number of contacts in db: 562
Final query: SELECT * FROM webhook_responses
Final parameters: []
Number of rows fetched: 72899
Sample messages in the data:
Sample messages: ['', '', '', '', None]
Sample timestamps: ['1723086598', '1723090671', '1723090893', '1723092429', '1723093143']
total number of contacts in report: 564
total number of contacts in db: 562
user_response Ghdhd
filter_message_response None
Final query: SELECT * FROM webhook_responses
Final parameters: []
Number of rows fetched: 72900
Sample messages in the data:
Sample messages: ['', '', '', '', None]
Sample timestamps: ['1723086598', '1723090671', '1723090893', '1723092429', '1723093143']
total number of contacts in report: 564
total number of contacts in db: 562
Final query: SELECT * FROM webhook_responses
Final parameters: []
Number of rows fetched: 72900
Sample messages in the data:
Sample messages: ['', '', '', '', None]
Sample timestamps: ['1723086598', '1723090671', '1723090893', '1723092429', '1723093143']
total number of contacts in report: 564
total number of contacts in db: 562
Final query: SELECT * FROM webhook_responses
Final parameters: []
Number of rows fetched: 72900
Sample messages in the data:
Sample messages: ['', '', '', '', None]
Sample timestamps: ['1723086598', '1723090671', '1723090893', '1723092429', '1723093143']
fastapi https://wtsdealnow.in/bot_api/ {'accept': 'application/json', 'Content-Type': 'application/json'} {'token': 'EAAGZBdt7VWLcBO8nr7i8nChTcNXzWF9aNMjPYVjjKU7BbNfIJGETpZAJY3A2y9vLxzo4xZCace1xKiqG7jS7772Hpak96BPl360cG8Dzt83ujr8BSwGyUbNRS2mIjwZBfUwhNFKXtpFZC2QJ9Lh6OcKLRuoNJ1sAXGk2LZBkNu9BN7JSpBbTnU2vR6neoYv4FFUwZDZD', 'phone_number_id': '498352686693631', 'contact_list': ['916361161836'], 'message_type': 'text', 'body': 'hello'}
<class 'list'>
BotSentMessages successfully saved in the database
Final query: SELECT * FROM webhook_responses
Final parameters: []
Number of rows fetched: 72901
Sample messages in the data:
Sample messages: ['', '', '', '', None]
Sample timestamps: ['1723086598', '1723090671', '1723090893', '1723092429', '1723093143']
User Itsolution4india logged in successfully.
Not Found: /ads.txt
Not Found: /app-ads.txt
Not Found: /sellers.json
Final query: SELECT * FROM webhook_responses
Final parameters: []
Number of rows fetched: 72904
Sample messages in the data:
Sample messages: ['', '', '', '', None]
Sample timestamps: ['1723086598', '1723090671', '1723090893', '1723092429', '1723093143']
Final query: SELECT * FROM webhook_responses
Final parameters: []
Number of rows fetched: 72904
Sample messages in the data:
Sample messages: ['', '', '', '', None]
Sample timestamps: ['1723086598', '1723090671', '1723090893', '1723092429', '1723093143']
total number of contacts in report: 564
total number of contacts in db: 562
Not Found: /ajax/docs/nav/
Not Found: /api/graphql/
User Dhruv@gmail.com logged in successfully.
Failed login attempt for dhruv@gmail.com
Failed login attempt for dhruv@gmail.com
User dhruv1@gmail.com logged in successfully.
User Dhruv@gmail.com logged in successfully.
Final query: SELECT * FROM webhook_responses
Final parameters: []
Number of rows fetched: 72904
Sample messages in the data:
Sample messages: ['', '', '', '', None]
Sample timestamps: ['1723086598', '1723090671', '1723090893', '1723092429', '1723093143']
total number of contacts in report: 7074
total number of contacts in db: 1062
Not Found: /accounts/login/
discount 0
discountnumber 0
Final query: SELECT * FROM webhook_responses
Final parameters: []
Number of rows fetched: 72907
Sample messages in the data:
Sample messages: ['', '', '', '', None]
Sample timestamps: ['1723086598', '1723090671', '1723090893', '1723092429', '1723093143']
total number of contacts in report: 7074
total number of contacts in db: 1062
User Dhruv@gmail.com logged in successfully.
discount 0
discountnumber 0
Final query: SELECT * FROM webhook_responses
Final parameters: []
Number of rows fetched: 72908
Sample messages in the data:
Sample messages: ['', '', '', '', None]
Sample timestamps: ['1723086598', '1723090671', '1723090893', '1723092429', '1723093143']
user_response *CHEAPEST 2BHK IN DLF CAPITAL GREENS*

🌲Garden Facing - *₹2.15Cr*💥
(with two car parkings)


*"Watch Youtube Video"* 🎥👇🏻
https://youtube.com/shorts/I6BgTLpjiNA?feature=share


🚨 *Call*  9818088414 📞
filter_message_response None
Not Found: /accounts/login/
User Dhruv@gmail.com logged in successfully.
Not Found: /wp-login.php
Not Found: /.env
Failed login attempt for Dhruv.bahl@gmail.com
User Dhruv@gmail.com logged in successfully.
discount 0
discountnumber 0
Not Found: /robots.txt
User Dhruv@gmail.com logged in successfully.
Not Found: /sftp-config.json
Not Found: /.vscode/sftp.json
Not Found: /HNAP1/
Not Found: /.env
Not Found: //wp-includes/ID3/license.txt
Not Found: //feed/
Not Found: //xmlrpc.php
Not Found: //blog/wp-includes/wlwmanifest.xml
Not Found: //web/wp-includes/wlwmanifest.xml
Not Found: //wordpress/wp-includes/wlwmanifest.xml
Not Found: //wp/wp-includes/wlwmanifest.xml
Not Found: //2020/wp-includes/wlwmanifest.xml
Not Found: //2019/wp-includes/wlwmanifest.xml
Not Found: //2021/wp-includes/wlwmanifest.xml
Not Found: //shop/wp-includes/wlwmanifest.xml
Not Found: //wp1/wp-includes/wlwmanifest.xml
Not Found: //test/wp-includes/wlwmanifest.xml
Not Found: //site/wp-includes/wlwmanifest.xml
Not Found: //cms/wp-includes/wlwmanifest.xml
Not Found: /robots.txt
Not Found: /robots.txt
Not Found: /sitemap.txt
Not Found: /.env
User test_demo@gmail.com logged in successfully.
Final query: SELECT * FROM webhook_responses
Final parameters: []
Number of rows fetched: 72916
Sample messages in the data:
Sample messages: ['', '', '', '', None]
Sample timestamps: ['1723086598', '1723090671', '1723090893', '1723092429', '1723093143']
total number of contacts in report: 917
total number of contacts in db: 168
Not Found: /robots.txt
Internal Server Error: /
Traceback (most recent call last):
  File "/root/wtsdashboard/wtsenv/lib/python3.12/site-packages/django/db/backends/utils.py", line 105, in _execute
    return self.cursor.execute(sql, params)
           ^^^^^^^^^^^^^^^^^^^^^^^^^^^^^^^^
  File "/root/wtsdashboard/wtsenv/lib/python3.12/site-packages/django/db/backends/sqlite3/base.py", line 329, in execute
    return super().execute(query, params)
           ^^^^^^^^^^^^^^^^^^^^^^^^^^^^^^
sqlite3.OperationalError: no such column: smsapp_customuser.marketing_coins

The above exception was the direct cause of the following exception:

Traceback (most recent call last):
  File "/root/wtsdashboard/wtsenv/lib/python3.12/site-packages/django/core/handlers/exception.py", line 55, in inner
    response = get_response(request)
               ^^^^^^^^^^^^^^^^^^^^^
  File "/root/wtsdashboard/wtsenv/lib/python3.12/site-packages/django/core/handlers/base.py", line 197, in _get_response
    response = wrapped_callback(request, *callback_args, **callback_kwargs)
               ^^^^^^^^^^^^^^^^^^^^^^^^^^^^^^^^^^^^^^^^^^^^^^^^^^^^^^^^^^^^
  File "/root/wtsdashboard/wtsenv/lib/python3.12/site-packages/django/views/decorators/csrf.py", line 65, in _view_wrapper
    return view_func(request, *args, **kwargs)
           ^^^^^^^^^^^^^^^^^^^^^^^^^^^^^^^^^^^
  File "/root/wtsdashboard/whatsappsms_develop/sms/smsapp/views.py", line 77, in user_login
    user = CustomUser.objects.get(username=username_or_email)
           ^^^^^^^^^^^^^^^^^^^^^^^^^^^^^^^^^^^^^^^^^^^^^^^^^^
  File "/root/wtsdashboard/wtsenv/lib/python3.12/site-packages/django/db/models/manager.py", line 87, in manager_method
    return getattr(self.get_queryset(), name)(*args, **kwargs)
           ^^^^^^^^^^^^^^^^^^^^^^^^^^^^^^^^^^^^^^^^^^^^^^^^^^^
  File "/root/wtsdashboard/wtsenv/lib/python3.12/site-packages/django/db/models/query.py", line 645, in get
    num = len(clone)
          ^^^^^^^^^^
  File "/root/wtsdashboard/wtsenv/lib/python3.12/site-packages/django/db/models/query.py", line 382, in __len__
    self._fetch_all()
  File "/root/wtsdashboard/wtsenv/lib/python3.12/site-packages/django/db/models/query.py", line 1928, in _fetch_all
    self._result_cache = list(self._iterable_class(self))
                         ^^^^^^^^^^^^^^^^^^^^^^^^^^^^^^^^
  File "/root/wtsdashboard/wtsenv/lib/python3.12/site-packages/django/db/models/query.py", line 91, in __iter__
    results = compiler.execute_sql(
              ^^^^^^^^^^^^^^^^^^^^^
  File "/root/wtsdashboard/wtsenv/lib/python3.12/site-packages/django/db/models/sql/compiler.py", line 1562, in execute_sql
    cursor.execute(sql, params)
  File "/root/wtsdashboard/wtsenv/lib/python3.12/site-packages/django/db/backends/utils.py", line 79, in execute
    return self._execute_with_wrappers(
           ^^^^^^^^^^^^^^^^^^^^^^^^^^^^
  File "/root/wtsdashboard/wtsenv/lib/python3.12/site-packages/django/db/backends/utils.py", line 92, in _execute_with_wrappers
    return executor(sql, params, many, context)
           ^^^^^^^^^^^^^^^^^^^^^^^^^^^^^^^^^^^^
  File "/root/wtsdashboard/wtsenv/lib/python3.12/site-packages/django/db/backends/utils.py", line 100, in _execute
    with self.db.wrap_database_errors:
  File "/root/wtsdashboard/wtsenv/lib/python3.12/site-packages/django/db/utils.py", line 91, in __exit__
    raise dj_exc_value.with_traceback(traceback) from exc_value
  File "/root/wtsdashboard/wtsenv/lib/python3.12/site-packages/django/db/backends/utils.py", line 105, in _execute
    return self.cursor.execute(sql, params)
           ^^^^^^^^^^^^^^^^^^^^^^^^^^^^^^^^
  File "/root/wtsdashboard/wtsenv/lib/python3.12/site-packages/django/db/backends/sqlite3/base.py", line 329, in execute
    return super().execute(query, params)
           ^^^^^^^^^^^^^^^^^^^^^^^^^^^^^^
django.db.utils.OperationalError: no such column: smsapp_customuser.marketing_coins
User Itsolution4india logged in successfully.
User puri.tushar@gmail.com logged in successfully.
User demo2@gmail.com logged in successfully.
User opinder@gmail.com logged in successfully.
User opinder@gmail.com logged in successfully.
Failed login attempt for Dhruv@gmail.com
User Dhruv@gmail.com logged in successfully.
discount 0
discountnumber 0
User Rudralogistic logged in successfully.
discount 0
discountnumber 0
Final query: SELECT * FROM webhook_responses
Final parameters: []
Number of rows fetched: 72919
Sample messages in the data:
Sample messages: ['', '', '', '', None]
Sample timestamps: ['1723086598', '1723090671', '1723090893', '1723092429', '1723093143']
total number of contacts in report: 7075
total number of contacts in db: 1063
User opinder@gmail.com logged in successfully.
Final query: SELECT * FROM webhook_responses
Final parameters: []
Number of rows fetched: 72920
Sample messages in the data:
Sample messages: ['', '', '', '', None]
Sample timestamps: ['1723086598', '1723090671', '1723090893', '1723092429', '1723093143']
Not Found: /ajax/docs/nav/
Not Found: /api/graphql/
Final query: SELECT * FROM webhook_responses
Final parameters: []
Number of rows fetched: 72920
Sample messages in the data:
Sample messages: ['', '', '', '', None]
Sample timestamps: ['1723086598', '1723090671', '1723090893', '1723092429', '1723093143']
total number of contacts in report: 338
total number of contacts in db: 324
discount 0
discountnumber 0
User Rudralogistic logged in successfully.
discount 0
discountnumber 0
discount 0
discountnumber 0
Final query: SELECT * FROM webhook_responses
Final parameters: []
Number of rows fetched: 72922
Sample messages in the data:
Sample messages: ['', '', '', '', None]
Sample timestamps: ['1723086598', '1723090671', '1723090893', '1723092429', '1723093143']
total number of contacts in report: 1
total number of contacts in db: 0
Not Found: /robots.txt
discount 0
discountnumber 0
User Rudralogistic logged in successfully.
discount 0
discountnumber 0
Final query: SELECT * FROM webhook_responses
Final parameters: []
Number of rows fetched: 72923
Sample messages in the data:
Sample messages: ['', '', '', '', None]
Sample timestamps: ['1723086598', '1723090671', '1723090893', '1723092429', '1723093143']
total number of contacts in report: 1
total number of contacts in db: 0
Final query: SELECT * FROM webhook_responses
Final parameters: []
Number of rows fetched: 72923
Sample messages in the data:
Sample messages: ['', '', '', '', None]
Sample timestamps: ['1723086598', '1723090671', '1723090893', '1723092429', '1723093143']
total number of contacts in report: 0
total number of contacts in db: 0
User Rudralogistic logged in successfully.
discount 0
discountnumber 0
user_response okay
filter_message_response None
Final query: SELECT * FROM webhook_responses
Final parameters: []
Number of rows fetched: 72926
Sample messages in the data:
Sample messages: ['', '', '', '', None]
Sample timestamps: ['1723086598', '1723090671', '1723090893', '1723092429', '1723093143']
total number of contacts in report: 1
total number of contacts in db: 1
User Rudralogistic logged in successfully.
User Dhruv@gmail.com logged in successfully.
Final query: SELECT * FROM webhook_responses
Final parameters: []
Number of rows fetched: 72927
Sample messages in the data:
Sample messages: ['', '', '', '', None]
Sample timestamps: ['1723086598', '1723090671', '1723090893', '1723092429', '1723093143']
total number of contacts in report: 917
total number of contacts in db: 168
User Rudralogistic logged in successfully.
Not Found: /ads.txt
Final query: SELECT * FROM webhook_responses
Final parameters: []
Number of rows fetched: 72927
Sample messages in the data:
Sample messages: ['', '', '', '', None]
Sample timestamps: ['1723086598', '1723090671', '1723090893', '1723092429', '1723093143']
total number of contacts in report: 1
total number of contacts in db: 1
User Itsolution4india logged in successfully.
User Itsolution4india logged in successfully.
Final query: SELECT * FROM webhook_responses
Final parameters: []
Number of rows fetched: 72927
Sample messages in the data:
Sample messages: ['', '', '', '', None]
Sample timestamps: ['1723086598', '1723090671', '1723090893', '1723092429', '1723093143']
Final query: SELECT * FROM webhook_responses
Final parameters: []
Number of rows fetched: 72927
Sample messages in the data:
Sample messages: ['', '', '', '', None]
Sample timestamps: ['1723086598', '1723090671', '1723090893', '1723092429', '1723093143']
Final query: SELECT * FROM webhook_responses
Final parameters: []
Number of rows fetched: 72927
Sample messages in the data:
Sample messages: ['', '', '', '', None]
Sample timestamps: ['1723086598', '1723090671', '1723090893', '1723092429', '1723093143']
Final query: SELECT * FROM webhook_responses
Final parameters: []
Number of rows fetched: 72927
Sample messages in the data:
Sample messages: ['', '', '', '', None]
Sample timestamps: ['1723086598', '1723090671', '1723090893', '1723092429', '1723093143']
Not Found: /ajax/docs/nav/
Not Found: /api/graphql/
discount 0
discountnumber 0
discount 0
discountnumber 0
Final query: SELECT * FROM webhook_responses
Final parameters: []
Number of rows fetched: 72929
Sample messages in the data:
Sample messages: ['', '', '', '', None]
Sample timestamps: ['1723086598', '1723090671', '1723090893', '1723092429', '1723093143']
total number of contacts in report: 3
total number of contacts in db: 2
Final query: SELECT * FROM webhook_responses
Final parameters: []
Number of rows fetched: 72929
Sample messages in the data:
Sample messages: ['', '', '', '', None]
Sample timestamps: ['1723086598', '1723090671', '1723090893', '1723092429', '1723093143']
total number of contacts in report: 3
total number of contacts in db: 2
discount 0
discountnumber 0
user_response This is wrong
filter_message_response None
user_response Pls compare my edited version
filter_message_response None
Method Not Allowed: /user-interactions/
User Rudralogistic logged in successfully.
Not Found: /.git/config
discount 0
discountnumber 0
user_response Thank you for contacting chaynika! Please let us know how we can help you.
filter_message_response None
Final query: SELECT * FROM webhook_responses
Final parameters: []
Number of rows fetched: 72943
Sample messages in the data:
Sample messages: ['', '', '', '', None]
Sample timestamps: ['1723086598', '1723090671', '1723090893', '1723092429', '1723093143']
total number of contacts in report: 6
total number of contacts in db: 5
Final query: SELECT * FROM webhook_responses
Final parameters: []
Number of rows fetched: 72944
Sample messages in the data:
Sample messages: ['', '', '', '', None]
Sample timestamps: ['1723086598', '1723090671', '1723090893', '1723092429', '1723093143']
total number of contacts in report: 5
total number of contacts in db: 4
Final query: SELECT * FROM webhook_responses
Final parameters: []
Final query: SELECT * FROM webhook_responses
Final parameters: []
Number of rows fetched: 72944
Sample messages in the data:
Sample messages: ['', '', '', '', None]
Sample timestamps: ['1723086598', '1723090671', '1723090893', '1723092429', '1723093143']
total number of contacts in report: 5
total number of contacts in db: 4
Number of rows fetched: 72944
Sample messages in the data:
Sample messages: ['', '', '', '', None]
Sample timestamps: ['1723086598', '1723090671', '1723090893', '1723092429', '1723093143']
total number of contacts in report: 5
total number of contacts in db: 4
discount 0
discountnumber 0
user_response Hello
filter_message_response None
user_response Sir Humpe thano ki trf new ploting ayi hai
filter_message_response None
user_response MDDA APPROVED
filter_message_response None
Not Found: /robots.txt
Not Found: /.env
Not Found: /robots.txt
Not Found: /sitemap.xml
User test_demo@gmail.com logged in successfully.
Not Found: /sitemap.xml
User Dhruv@gmail.com logged in successfully.
Failed login attempt for Dhruv@gmail.com
Failed login attempt for Dhruv@gmail.com
User Dhruv@gmail.com logged in successfully.
discount 0
discountnumber 0
Final query: SELECT * FROM webhook_responses
Final parameters: []
Number of rows fetched: 72957
Sample messages in the data:
Sample messages: ['', '', '', '', None]
Sample timestamps: ['1723086598', '1723090671', '1723090893', '1723092429', '1723093143']
discount 87
discountnumber 6134
user_response Thank you for contacting Dr Gaurav Agrawal, Interventional Pediatric & Fetal Cardiologist.

Please let me know how can we help you?


www.childrenheartcare.com
www.fetalechoindelhi.com
filter_message_response None
user_response Thank you for contacting khetarpal Nursing Home! Please let us know how we can help you. 
For appointment pls call 01145600000 or 9311408717. 
Address GN-5, Shivaji Enclave, New Delhi, 110027
www.drishachildcare.com

https://www.google.com/maps/place/Khetarpal+Nursing+Home/@28.654634,77.1194464,15z/data=!4m5!3m4!1s0x0:0xa0d00314fa943edc!8m2!3d28.654634!4d77.1194464
filter_message_response None
user_response Thank you for your message. We're unavailable right now, but will respond as soon as possible.ucconnectservices.com
filter_message_response None
user_response Thank you for contacting U.C Connect Services Pvt Ltd!ucconnectservices.com
filter_message_response None
user_response Interested
filter_message_response None
Invalid HTTP_HOST header: 'www.wtsdealnow.in'. You may need to add 'www.wtsdealnow.in' to ALLOWED_HOSTS.
Traceback (most recent call last):
  File "/root/wtsdashboard/wtsenv/lib/python3.12/site-packages/django/core/handlers/exception.py", line 55, in inner
    response = get_response(request)
               ^^^^^^^^^^^^^^^^^^^^^
  File "/root/wtsdashboard/wtsenv/lib/python3.12/site-packages/django/utils/deprecation.py", line 133, in __call__
    response = self.process_request(request)
               ^^^^^^^^^^^^^^^^^^^^^^^^^^^^^
  File "/root/wtsdashboard/wtsenv/lib/python3.12/site-packages/django/middleware/common.py", line 48, in process_request
    host = request.get_host()
           ^^^^^^^^^^^^^^^^^^
  File "/root/wtsdashboard/wtsenv/lib/python3.12/site-packages/django/http/request.py", line 151, in get_host
    raise DisallowedHost(msg)
django.core.exceptions.DisallowedHost: Invalid HTTP_HOST header: 'www.wtsdealnow.in'. You may need to add 'www.wtsdealnow.in' to ALLOWED_HOSTS.
Bad Request: /
Invalid HTTP_HOST header: 'www.wtsdealnow.in'. You may need to add 'www.wtsdealnow.in' to ALLOWED_HOSTS.
Traceback (most recent call last):
  File "/root/wtsdashboard/wtsenv/lib/python3.12/site-packages/django/core/handlers/exception.py", line 55, in inner
    response = get_response(request)
               ^^^^^^^^^^^^^^^^^^^^^
  File "/root/wtsdashboard/wtsenv/lib/python3.12/site-packages/django/utils/deprecation.py", line 133, in __call__
    response = self.process_request(request)
               ^^^^^^^^^^^^^^^^^^^^^^^^^^^^^
  File "/root/wtsdashboard/wtsenv/lib/python3.12/site-packages/django/middleware/common.py", line 48, in process_request
    host = request.get_host()
           ^^^^^^^^^^^^^^^^^^
  File "/root/wtsdashboard/wtsenv/lib/python3.12/site-packages/django/http/request.py", line 151, in get_host
    raise DisallowedHost(msg)
django.core.exceptions.DisallowedHost: Invalid HTTP_HOST header: 'www.wtsdealnow.in'. You may need to add 'www.wtsdealnow.in' to ALLOWED_HOSTS.
Bad Request: /ads.txt
Final query: SELECT * FROM webhook_responses
Final parameters: []
Number of rows fetched: 74363
Sample messages in the data:
Sample messages: ['', '', '', '', None]
Sample timestamps: ['1723086598', '1723090671', '1723090893', '1723092429', '1723093143']
total number of contacts in report: 7075
total number of contacts in db: 1829
Final query: SELECT * FROM webhook_responses
Final parameters: []
Number of rows fetched: 74380
Sample messages in the data:
Sample messages: ['', '', '', '', None]
Sample timestamps: ['1723086598', '1723090671', '1723090893', '1723092429', '1723093143']
total number of contacts in report: 7075
total number of contacts in db: 1829
Final query: SELECT * FROM webhook_responses
Final parameters: []
Number of rows fetched: 74383
Sample messages in the data:
Sample messages: ['', '', '', '', None]
Sample timestamps: ['1723086598', '1723090671', '1723090893', '1723092429', '1723093143']
total number of contacts in report: 7075
total number of contacts in db: 1829
Final query: SELECT * FROM webhook_responses
Final parameters: []
Number of rows fetched: 74392
Sample messages in the data:
Sample messages: ['', '', '', '', None]
Sample timestamps: ['1723086598', '1723090671', '1723090893', '1723092429', '1723093143']
total number of contacts in report: 7075
total number of contacts in db: 1829
Failed login attempt for Dhruv@gmail.com
User Dhruv@gmail.com logged in successfully.
user_response Is it sun facing???
Which tower??
filter_message_response None
User test_demo@gmail.com logged in successfully.
Not Found: /accounts/login/
discount 0
discountnumber 0
discount 0
discountnumber 0
Final query: SELECT * FROM webhook_responses
Final parameters: []
Number of rows fetched: 74503
Sample messages in the data:
Sample messages: ['', '', '', '', None]
Sample timestamps: ['1723086598', '1723090671', '1723090893', '1723092429', '1723093143']
total number of contacts in report: 917
total number of contacts in db: 168
Failed login attempt for Dhruv@gmail.com
User Dhruv@gmail.com logged in successfully.
User test_demo@gmail.com logged in successfully.
Not Found: /webapi/v1/system/accountmanage/account
Not Found: /cgi-bin/log.cgi
Not Found: /lan.html
Not Found: /test.txt
Not Found: /settings
Not Found: /web_caps/webCapsConfig
Not Found: /services/getFile.cmd
Not Found: /cgi-bin/GetSrvInfo.exe
Not Found: /cgi/get_param.cgi
Not Found: /loadtextfile.htm
Not Found: /password.jsn
Not Found: /.git/config
Not Found: /ab2g
Not Found: /ab2h
Not Found: /alive.php
Not Found: /t4
Not Found: /teorema505
Not Found: /wp-config.php-backup
Not Found: /%C0
Not Found: /user_secrets.yml
Not Found: /google-services.json
Not Found: /credentials.json
Not Found: /google-api-private-key.json
Not Found: /.tugboat
Not Found: /credentials.db
Not Found: /.axiom/accounts/do.json
Not Found: /appspec.yml
Not Found: /.aws/config
Not Found: /Dockerrun.aws.json
Not Found: /applications.pinpoint
Not Found: /.aws/credentials
Not Found: /.azure-pipelines.yml
Not Found: /token.json
Not Found: /access_tokens.db
Not Found: /user_secrets.yml.old
Not Found: /assets/credentials.json
Not Found: /app/config/pimcore/google-api-private-key.json
Not Found: /app/google-services.json
Not Found: /.config/gcloud/credentials.db
Not Found: /azure-pipelines.yml
Not Found: /search/token.json
Not Found: /appspec.yaml
Not Found: /.config/gcloud/access_tokens.db
Not Found: /pimcore/app/config/pimcore/google-api-private-key.json
Not Found: /android/app/google-services.json
Not Found: /.env
Not Found: /.env
Not Found: /robots.txt
Not Found: /robots.txt
Not Found: /sitemaps.xml
Not Found: /atom.xml
Not Found: /sitemap.txt
Not Found: /sitemap.xml
Not Found: /sitemap.xml.gz
Not Found: /sitemap_index.xml
Not Found: /Foobar-debug.aspx
Not Found: /v2/auth/roles
Not Found: /assets/other/service-account-credentials.json
Not Found: /.htaccess
Not Found: /schema
Not Found: /robots.txt
Not Found: /oauth-credentials.json
Not Found: /_vti_pvt/service.pwd
Not Found: /example.htaccess
Not Found: /service-account-credentials.json
Not Found: /_.htaccess
Not Found: /sample.htaccess
Not Found: /a.htaccess
Not Found: /htaccess_for_page_not_found_redirects.htaccess
Not Found: /robots.txt
Invalid HTTP_HOST header: 'autoconfig.wtsdealnow.in'. You may need to add 'autoconfig.wtsdealnow.in' to ALLOWED_HOSTS.
Traceback (most recent call last):
  File "/root/wtsdashboard/wtsenv/lib/python3.12/site-packages/django/core/handlers/exception.py", line 55, in inner
    response = get_response(request)
               ^^^^^^^^^^^^^^^^^^^^^
  File "/root/wtsdashboard/wtsenv/lib/python3.12/site-packages/django/utils/deprecation.py", line 133, in __call__
    response = self.process_request(request)
               ^^^^^^^^^^^^^^^^^^^^^^^^^^^^^
  File "/root/wtsdashboard/wtsenv/lib/python3.12/site-packages/django/middleware/common.py", line 48, in process_request
    host = request.get_host()
           ^^^^^^^^^^^^^^^^^^
  File "/root/wtsdashboard/wtsenv/lib/python3.12/site-packages/django/http/request.py", line 151, in get_host
    raise DisallowedHost(msg)
django.core.exceptions.DisallowedHost: Invalid HTTP_HOST header: 'autoconfig.wtsdealnow.in'. You may need to add 'autoconfig.wtsdealnow.in' to ALLOWED_HOSTS.
Bad Request: /
Invalid HTTP_HOST header: 'autoconfig.wtsdealnow.in'. You may need to add 'autoconfig.wtsdealnow.in' to ALLOWED_HOSTS.
Traceback (most recent call last):
  File "/root/wtsdashboard/wtsenv/lib/python3.12/site-packages/django/core/handlers/exception.py", line 55, in inner
    response = get_response(request)
               ^^^^^^^^^^^^^^^^^^^^^
  File "/root/wtsdashboard/wtsenv/lib/python3.12/site-packages/django/utils/deprecation.py", line 133, in __call__
    response = self.process_request(request)
               ^^^^^^^^^^^^^^^^^^^^^^^^^^^^^
  File "/root/wtsdashboard/wtsenv/lib/python3.12/site-packages/django/middleware/common.py", line 48, in process_request
    host = request.get_host()
           ^^^^^^^^^^^^^^^^^^
  File "/root/wtsdashboard/wtsenv/lib/python3.12/site-packages/django/http/request.py", line 151, in get_host
    raise DisallowedHost(msg)
django.core.exceptions.DisallowedHost: Invalid HTTP_HOST header: 'autoconfig.wtsdealnow.in'. You may need to add 'autoconfig.wtsdealnow.in' to ALLOWED_HOSTS.
Bad Request: /ads.txt
User test_demo@gmail.com logged in successfully.
Not Found: /index.php
Not Found: /templates/config/profmanage.php
Not Found: /install
Not Found: /index.php/install
Not Found: /password-page/ovf/account-credentials-ovf
Not Found: /installer/installerUI.php
Not Found: /lab/api/settings/
Not Found: /install/
Not Found: /install/index.php
Not Found: /nagiosxi/install.php
Not Found: /backend/admin/users
Not Found: /install.php
Not Found: /install
Not Found: /install/
Not Found: /guestLogin.html
Not Found: /installer
Not Found: /home
Not Found: /install.php
Not Found: /install/app.php
Not Found: /registerUser.html
Not Found: /install/froxlor.sql
Not Found: /debug/
Not Found: /index.php
Not Found: /__clockwork/app
Not Found: /log/
Not Found: /setup
Not Found: /umbraco/management/api/v1/server/status
Not Found: /stats/index.html
Not Found: /owncloud/
Not Found: /.env
User Rudralogistic logged in successfully.
User test_demo@gmail.com logged in successfully.
discount 0
discountnumber 0
discount 0
discountnumber 0
Final query: SELECT * FROM webhook_responses
Final parameters: []
Number of rows fetched: 74616
Sample messages in the data:
Sample messages: ['', '', '', '', None]
Sample timestamps: ['1723086598', '1723090671', '1723090893', '1723092429', '1723093143']
total number of contacts in report: 918
total number of contacts in db: 168
User Dhruv@gmail.com logged in successfully.
Final query: SELECT * FROM webhook_responses
Final parameters: []
Number of rows fetched: 74684
Sample messages in the data:
Sample messages: ['', '', '', '', None]
Sample timestamps: ['1723086598', '1723090671', '1723090893', '1723092429', '1723093143']
Internal Server Error: /reports/
Traceback (most recent call last):
  File "/root/wtsdashboard/whatsappsms_develop/sms/smsapp/views.py", line 495, in Reports
    df['phone_number_id'] = df['phone_number_id'].astype('Int64')
                            ^^^^^^^^^^^^^^^^^^^^^^^^^^^^^^^^^^^^^
  File "/root/wtsdashboard/wtsenv/lib/python3.12/site-packages/pandas/core/generic.py", line 6643, in astype
    new_data = self._mgr.astype(dtype=dtype, copy=copy, errors=errors)
               ^^^^^^^^^^^^^^^^^^^^^^^^^^^^^^^^^^^^^^^^^^^^^^^^^^^^^^^
  File "/root/wtsdashboard/wtsenv/lib/python3.12/site-packages/pandas/core/internals/managers.py", line 430, in astype
    return self.apply(
           ^^^^^^^^^^^
  File "/root/wtsdashboard/wtsenv/lib/python3.12/site-packages/pandas/core/internals/managers.py", line 363, in apply
    applied = getattr(b, f)(**kwargs)
              ^^^^^^^^^^^^^^^^^^^^^^^
  File "/root/wtsdashboard/wtsenv/lib/python3.12/site-packages/pandas/core/internals/blocks.py", line 758, in astype
    new_values = astype_array_safe(values, dtype, copy=copy, errors=errors)
                 ^^^^^^^^^^^^^^^^^^^^^^^^^^^^^^^^^^^^^^^^^^^^^^^^^^^^^^^^^^
  File "/root/wtsdashboard/wtsenv/lib/python3.12/site-packages/pandas/core/dtypes/astype.py", line 237, in astype_array_safe
    new_values = astype_array(values, dtype, copy=copy)
                 ^^^^^^^^^^^^^^^^^^^^^^^^^^^^^^^^^^^^^^
  File "/root/wtsdashboard/wtsenv/lib/python3.12/site-packages/pandas/core/dtypes/astype.py", line 182, in astype_array
    values = _astype_nansafe(values, dtype, copy=copy)
             ^^^^^^^^^^^^^^^^^^^^^^^^^^^^^^^^^^^^^^^^^
  File "/root/wtsdashboard/wtsenv/lib/python3.12/site-packages/pandas/core/dtypes/astype.py", line 80, in _astype_nansafe
    return dtype.construct_array_type()._from_sequence(arr, dtype=dtype, copy=copy)
           ^^^^^^^^^^^^^^^^^^^^^^^^^^^^^^^^^^^^^^^^^^^^^^^^^^^^^^^^^^^^^^^^^^^^^^^^
  File "/root/wtsdashboard/wtsenv/lib/python3.12/site-packages/pandas/core/arrays/masked.py", line 152, in _from_sequence
    values, mask = cls._coerce_to_array(scalars, dtype=dtype, copy=copy)
                   ^^^^^^^^^^^^^^^^^^^^^^^^^^^^^^^^^^^^^^^^^^^^^^^^^^^^^
  File "/root/wtsdashboard/wtsenv/lib/python3.12/site-packages/pandas/core/arrays/numeric.py", line 272, in _coerce_to_array
    values, mask, _, _ = _coerce_to_data_and_mask(
                         ^^^^^^^^^^^^^^^^^^^^^^^^^
  File "/root/wtsdashboard/wtsenv/lib/python3.12/site-packages/pandas/core/arrays/numeric.py", line 227, in _coerce_to_data_and_mask
    values = values.astype(dtype, copy=copy)
             ^^^^^^^^^^^^^^^^^^^^^^^^^^^^^^^
ValueError: invalid literal for int() with base 10: '344709618736355.0'

During handling of the above exception, another exception occurred:

Traceback (most recent call last):
  File "/root/wtsdashboard/wtsenv/lib/python3.12/site-packages/django/core/handlers/exception.py", line 55, in inner
    response = get_response(request)
               ^^^^^^^^^^^^^^^^^^^^^
  File "/root/wtsdashboard/wtsenv/lib/python3.12/site-packages/django/core/handlers/base.py", line 197, in _get_response
    response = wrapped_callback(request, *callback_args, **callback_kwargs)
               ^^^^^^^^^^^^^^^^^^^^^^^^^^^^^^^^^^^^^^^^^^^^^^^^^^^^^^^^^^^^
  File "/root/wtsdashboard/wtsenv/lib/python3.12/site-packages/django/contrib/auth/decorators.py", line 23, in _wrapper_view
    return view_func(request, *args, **kwargs)
           ^^^^^^^^^^^^^^^^^^^^^^^^^^^^^^^^^^^
  File "/root/wtsdashboard/whatsappsms_develop/sms/smsapp/views.py", line 544, in Reports
    return render(request, "reports.html", context)
                                           ^^^^^^^
UnboundLocalError: cannot access local variable 'context' where it is not associated with a value
Not Found: /r
User Dhruv@gmail.com logged in successfully.
User Dhruv@gmail.com logged in successfully.
User Dhruv@gmail.com logged in successfully.
Not Found: /ajax/docs/nav/
Not Found: /api/graphql/
Not Found: /telescope/requests
Not Found: /.env.stage
Not Found: /.env.old
Not Found: /.env.prod.local
Not Found: /.env_1
Not Found: /.env.prod
Not Found: /.env.production
Not Found: /.env.dev
Not Found: /api/.env
Not Found: /.env.www
Not Found: /.env_sample
Not Found: /.env.example
Not Found: /.env.46.202
Not Found: /storage/logs/laravel.log
Not Found: /.env.save
Not Found: /.env
Not Found: /.env.production.local
Not Found: /.env.backup
Not Found: /.env.local
Not Found: /.env.dev.local
Not Found: /api/stats
Not Found: /.env.live
Not Found: /.env.130
Not Found: /.env.development.local
Not Found: /.env.bak
Invalid form submission: <ul class="errorlist"><li>username_or_email<ul class="errorlist"><li>This field is required.</li></ul></li><li>password<ul class="errorlist"><li>This field is required.</li></ul></li></ul>
Not Found: /horizon/api/stats
Not Found: /sitemap.xml.gz
User Dhruv@gmail.com logged in successfully.
Final query: SELECT * FROM webhook_responses
Final parameters: []
Number of rows fetched: 74685
Sample messages in the data:
Sample messages: ['', '', '', '', None]
Sample timestamps: ['1723086598', '1723090671', '1723090893', '1723092429', '1723093143']
User Dhruv@gmail.com logged in successfully.
Final query: SELECT * FROM webhook_responses
Final parameters: []
Number of rows fetched: 74685
Sample messages in the data:
Sample messages: ['', '', '', '', None]
Sample timestamps: ['1723086598', '1723090671', '1723090893', '1723092429', '1723093143']
Final query: SELECT * FROM webhook_responses
Final parameters: []
Number of rows fetched: 74685
Sample messages in the data:
Sample messages: ['', '', '', '', None]
Sample timestamps: ['1723086598', '1723090671', '1723090893', '1723092429', '1723093143']
Final query: SELECT * FROM webhook_responses
Final parameters: []
Number of rows fetched: 74685
Sample messages in the data:
Sample messages: ['', '', '', '', None]
Sample timestamps: ['1723086598', '1723090671', '1723090893', '1723092429', '1723093143']
Final query: SELECT * FROM webhook_responses
Final parameters: []
Number of rows fetched: 74685
Sample messages in the data:
Sample messages: ['', '', '', '', None]
Sample timestamps: ['1723086598', '1723090671', '1723090893', '1723092429', '1723093143']
Final query: SELECT * FROM webhook_responses
Final parameters: []
Number of rows fetched: 74685
Sample messages in the data:
Sample messages: ['', '', '', '', None]
Sample timestamps: ['1723086598', '1723090671', '1723090893', '1723092429', '1723093143']
Final query: SELECT * FROM webhook_responses
Final parameters: []
Number of rows fetched: 74685
Sample messages in the data:
Sample messages: ['', '', '', '', None]
Sample timestamps: ['1723086598', '1723090671', '1723090893', '1723092429', '1723093143']
Final query: SELECT * FROM webhook_responses
Final parameters: []
Number of rows fetched: 74685
Sample messages in the data:
Sample messages: ['', '', '', '', None]
Sample timestamps: ['1723086598', '1723090671', '1723090893', '1723092429', '1723093143']
Final query: SELECT * FROM webhook_responses
Final parameters: []
Number of rows fetched: 74685
Sample messages in the data:
Sample messages: ['', '', '', '', None]
Sample timestamps: ['1723086598', '1723090671', '1723090893', '1723092429', '1723093143']
user_response Hi
message_type: send_text_message
filter_message_response send_text_message - Hi
fastapi https://wtsdealnow.in/bot_api/ {'accept': 'application/json', 'Content-Type': 'application/json'} {'token': 'EAAGnWBuof2oBO0hd9BFZBBEUKLoMZAH1m1JtbUOEd3ZC8GIGjZAyeZB0yFy7SkaByNMKxLQHp6lnstogZAFbJs3b391VCh8uhoxixehHt3vbBYfFuuxvDkjLJEmll48gqw7k33ZCjQxCxgOLK6NpPrtVyTDqSitaPQZBD4dui8EGXajlS1VO35sBOfltsZBvZCMt0mK0u2aQzocFupoPohaIAsz3ZB5fAHoJh6Tm9R9DxKk', 'phone_number_id': '344709618736355', 'contact_list': ['919315494292'], 'message_type': 'text', 'body': 'Hello! How can I help you today'}
<class 'list'>
BotSentMessages successfully saved in the database
Final query: SELECT * FROM webhook_responses
Final parameters: []
Number of rows fetched: 74687
Sample messages in the data:
Sample messages: ['', '', '', '', None]
Sample timestamps: ['1723086598', '1723090671', '1723090893', '1723092429', '1723093143']
Final query: SELECT * FROM webhook_responses
Final parameters: []
Number of rows fetched: 74687
Sample messages in the data:
Sample messages: ['', '', '', '', None]
Sample timestamps: ['1723086598', '1723090671', '1723090893', '1723092429', '1723093143']
Final query: SELECT * FROM webhook_responses
Final parameters: []
Number of rows fetched: 74687
Sample messages in the data:
Sample messages: ['', '', '', '', None]
Sample timestamps: ['1723086598', '1723090671', '1723090893', '1723092429', '1723093143']
Final query: SELECT * FROM webhook_responses
Final parameters: []
Number of rows fetched: 74687
Sample messages in the data:
Sample messages: ['', '', '', '', None]
Sample timestamps: ['1723086598', '1723090671', '1723090893', '1723092429', '1723093143']
user_response Hello
filter_message_response None
Final query: SELECT * FROM webhook_responses
Final parameters: []
Number of rows fetched: 74687
Sample messages in the data:
Sample messages: ['', '', '', '', None]
Sample timestamps: ['1723086598', '1723090671', '1723090893', '1723092429', '1723093143']
Final query: SELECT * FROM webhook_responses
Final parameters: []
Number of rows fetched: 74687
Sample messages in the data:
Sample messages: ['', '', '', '', None]
Sample timestamps: ['1723086598', '1723090671', '1723090893', '1723092429', '1723093143']
Not Found: /wp-json/ssa/v1/users
Not Found: /wp/debug.log
Not Found: /wp-content/uploads/wpdm-cache/
Not Found: /wp-config.php
Not Found: /wp-admin/admin.php
Not Found: /wp-admin/admin.php
Not Found: /wp-json/download-monitor/v1/user_data
Not Found: /wp-content/plugins/wp-easycart/inc/admin/phpinfo.php
Not Found: /wp-content/plugins/insert-php/readme.txt
Not Found: /wp-config.php~
Not Found: /wp-json/wp/v2/lesson/1
Not Found: /wp-json/guppy/v2/load-guppy-users
Not Found: /wp-admin/maint/repair.php
Not Found: /wp-content/uploads/affwp-debug.log
Not Found: /wp-content/uploads/wp-security-audit-log/failed-logins/
Not Found: /wp-content/plugins/boldgrid-backup/cron/restore-info.json
Not Found: /wordpress/debug.log
Not Found: /wp-content/bps-backup/logs/db_backup_log.txt
Not Found: /wp-admin/admin-ajax.php
Not Found: /wp-includes/rss-functions.php
Not Found: /wp-content/uploads/data.txt
Not Found: /blog/debug.log
Not Found: /license.txt
Not Found: /wp-admin/install.php
Not Found: /wp-content/plugins/wp-statistics/readme.txt
Not Found: /wp-content/debug.log
Not Found: /.wp-config.php.swp
Not Found: /wp-admin/admin-ajax.php
Not Found: /wp-content/uploads/mc4wp-debug.log
Not Found: /wp-content/uploads/wp-file-manager-pro/fm_backup/
Not Found: /wp-content/plugins/wpmudev-updates/keys/
Not Found: /wp-json/wp/v2/posts
Not Found: /wp-config.php.save
Not Found: /wp-json/rps_result/v1/route/student_fields
Not Found: /wp-admin/admin-ajax.php
Not Found: /wp-json/acf/v3/options/a
Not Found: /wp-content/uploads/pdf-invoices/
Not Found: /wp-admin/admin.php
Not Found: /wp-includes/sym404/root/etc/passwd
Not Found: /wp-content/uploads/database-backups/
Not Found: /wp-admin/setup-config.php
Not Found: /wp-admin/admin-ajax.php
Not Found: /installer-log.txt
Not Found: /wp-content/uploads/ao_ccss/queuelog.html
Not Found: /wp-content/plugins/constant-contact-forms/vendor/constantcontact/constantcontact/test/Json/Auth/get_access_token.json
Not Found: /wp-json/metform/v1/forms/templates/0
Not Found: /wp-content/plugins/easy-wp-smtp/
Not Found: /wp-content/plugins/simple-ajax-chat/sac-export.csv
Not Found: /wp-json/wp/v2/users/
Not Found: /wp-config.php.bak
Not Found: /wp-content/plugins/bulletproof-security/admin/htaccess/db_backup_log.txt
Not Found: /wp-json/rps_result/v1/route/search_student
Final query: SELECT * FROM webhook_responses
Final parameters: []
Not Found: /wp-json/wp/v2/asked-question
Not Found: /wp-content/plugins/jh-404-logger/readme.txt
Not Found: /wp-admin/admin-ajax.php
Not Found: /wp-admin/admin.php
Not Found: /blog/wp-content/uploads/ao_ccss/queuelog.html
Not Found: /wp-content/plugins/constant-contact-api-old/vendor/constantcontact/constantcontact/test/Json/Auth/get_access_token.json
Not Found: /wp-content/plugins/wp-mail-smtp-pro/
Number of rows fetched: 74687
Sample messages in the data:
Sample messages: ['', '', '', '', None]
Sample timestamps: ['1723086598', '1723090671', '1723090893', '1723092429', '1723093143']
Final query: SELECT * FROM webhook_responses
Final parameters: []
Number of rows fetched: 74687
Sample messages in the data:
Sample messages: ['', '', '', '', None]
Sample timestamps: ['1723086598', '1723090671', '1723090893', '1723092429', '1723093143']
Final query: SELECT * FROM webhook_responses
Final parameters: []
Number of rows fetched: 74687
Sample messages in the data:
Sample messages: ['', '', '', '', None]
Sample timestamps: ['1723086598', '1723090671', '1723090893', '1723092429', '1723093143']
Final query: SELECT * FROM webhook_responses
Final parameters: []
Number of rows fetched: 74688
Sample messages in the data:
Sample messages: ['', '', '', '', None]
Sample timestamps: ['1723086598', '1723090671', '1723090893', '1723092429', '1723093143']
Final query: SELECT * FROM webhook_responses
Final parameters: []
Number of rows fetched: 74688
Sample messages in the data:
Sample messages: ['', '', '', '', None]
Sample timestamps: ['1723086598', '1723090671', '1723090893', '1723092429', '1723093143']
fastapi https://wtsdealnow.in/bot_api/ {'accept': 'application/json', 'Content-Type': 'application/json'} {'token': 'EAAGnWBuof2oBO0hd9BFZBBEUKLoMZAH1m1JtbUOEd3ZC8GIGjZAyeZB0yFy7SkaByNMKxLQHp6lnstogZAFbJs3b391VCh8uhoxixehHt3vbBYfFuuxvDkjLJEmll48gqw7k33ZCjQxCxgOLK6NpPrtVyTDqSitaPQZBD4dui8EGXajlS1VO35sBOfltsZBvZCMt0mK0u2aQzocFupoPohaIAsz3ZB5fAHoJh6Tm9R9DxKk', 'phone_number_id': '344709618736355', 'contact_list': ['919315494292'], 'message_type': 'text', 'body': 'hi'}
<class 'list'>
BotSentMessages successfully saved in the database
Final query: SELECT * FROM webhook_responses
Final parameters: []
Number of rows fetched: 74690
Sample messages in the data:
Sample messages: ['', '', '', '', None]
Sample timestamps: ['1723086598', '1723090671', '1723090893', '1723092429', '1723093143']
user_response Testing
filter_message_response None
Final query: SELECT * FROM webhook_responses
Final parameters: []
Number of rows fetched: 74690
Sample messages in the data:
Sample messages: ['', '', '', '', None]
Sample timestamps: ['1723086598', '1723090671', '1723090893', '1723092429', '1723093143']
Not Found: /sitemap.xml.gz
User Itsolution4india logged in successfully.
Final query: SELECT * FROM webhook_responses
Final parameters: []
Number of rows fetched: 74690
Sample messages in the data:
Sample messages: ['', '', '', '', None]
Sample timestamps: ['1723086598', '1723090671', '1723090893', '1723092429', '1723093143']
user_response Hi
message_type: link_template
filter_message_response link_template - Hi
sent bot message, hi_template en_GB, IMAGE 1236533660777716
Final query: SELECT * FROM webhook_responses
Final parameters: []
Number of rows fetched: 74690
Sample messages in the data:
Sample messages: ['', '', '', '', None]
Sample timestamps: ['1723086598', '1723090671', '1723090893', '1723092429', '1723093143']
Final query: SELECT * FROM webhook_responses
Final parameters: []
Number of rows fetched: 74692
Sample messages in the data:
Sample messages: ['', '', '', '', None]
Sample timestamps: ['1723086598', '1723090671', '1723090893', '1723092429', '1723093143']
user_response Hello
filter_message_response None
Final query: SELECT * FROM webhook_responses
Final parameters: []
Number of rows fetched: 74692
Sample messages in the data:
Sample messages: ['', '', '', '', None]
Sample timestamps: ['1723086598', '1723090671', '1723090893', '1723092429', '1723093143']
Final query: SELECT * FROM webhook_responses
Final parameters: []
Number of rows fetched: 74692
Sample messages in the data:
Sample messages: ['', '', '', '', None]
Sample timestamps: ['1723086598', '1723090671', '1723090893', '1723092429', '1723093143']
user_response Testing
filter_message_response None
user_response Rich
filter_message_response None
user_response Helooooooo
filter_message_response None
Final query: SELECT * FROM webhook_responses
Final parameters: []
Number of rows fetched: 74694
Sample messages in the data:
Sample messages: ['', '', '', '', None]
Sample timestamps: ['1723086598', '1723090671', '1723090893', '1723092429', '1723093143']
Final query: SELECT * FROM webhook_responses
Final parameters: []
Number of rows fetched: 74694
Sample messages in the data:
Sample messages: ['', '', '', '', None]
Sample timestamps: ['1723086598', '1723090671', '1723090893', '1723092429', '1723093143']
Final query: SELECT * FROM webhook_responses
Final parameters: []
Number of rows fetched: 74694
Sample messages in the data:
Sample messages: ['', '', '', '', None]
Sample timestamps: ['1723086598', '1723090671', '1723090893', '1723092429', '1723093143']
Final query: SELECT * FROM webhook_responses
Final parameters: []
Number of rows fetched: 74694
Sample messages in the data:
Sample messages: ['', '', '', '', None]
Sample timestamps: ['1723086598', '1723090671', '1723090893', '1723092429', '1723093143']
Final query: SELECT * FROM webhook_responses
Final parameters: []
Number of rows fetched: 74694
Sample messages in the data:
Sample messages: ['', '', '', '', None]
Sample timestamps: ['1723086598', '1723090671', '1723090893', '1723092429', '1723093143']
Final query: SELECT * FROM webhook_responses
Final parameters: []
Number of rows fetched: 74694
Sample messages in the data:
Sample messages: ['', '', '', '', None]
Sample timestamps: ['1723086598', '1723090671', '1723090893', '1723092429', '1723093143']
user_response Hi
message_type: link_template
filter_message_response link_template - Hi
sent bot message, hi_template en_GB, IMAGE 1236533660777716
Final query: SELECT * FROM webhook_responses
Final parameters: []
Number of rows fetched: 74697
Sample messages in the data:
Sample messages: ['', '', '', '', None]
Sample timestamps: ['1723086598', '1723090671', '1723090893', '1723092429', '1723093143']
Final query: SELECT * FROM webhook_responses
Final parameters: []
user_response Hff
filter_message_response None
Final query: SELECT * FROM webhook_responses
Final parameters: []
Final query: SELECT * FROM webhook_responses
Final parameters: []
Number of rows fetched: 74697
Sample messages in the data:
Sample messages: ['', '', '', '', None]
Sample timestamps: ['1723086598', '1723090671', '1723090893', '1723092429', '1723093143']
Final query: SELECT * FROM webhook_responses
Final parameters: []
Number of rows fetched: 74698
Number of rows fetched: 74698
Sample messages in the data:
Sample messages: ['', '', '', '', None]
Sample timestamps: ['1723086598', '1723090671', '1723090893', '1723092429', '1723093143']
Sample messages in the data:
Sample messages: ['', '', '', '', None]
Sample timestamps: ['1723086598', '1723090671', '1723090893', '1723092429', '1723093143']
Number of rows fetched: 74698
Sample messages in the data:
Sample messages: ['', '', '', '', None]
Sample timestamps: ['1723086598', '1723090671', '1723090893', '1723092429', '1723093143']
Final query: SELECT * FROM webhook_responses
Final parameters: []
Final query: SELECT * FROM webhook_responses
Final parameters: []
Final query: SELECT * FROM webhook_responses
Final parameters: []
Number of rows fetched: 74698
Sample messages in the data:
Sample messages: ['', '', '', '', None]
Sample timestamps: ['1723086598', '1723090671', '1723090893', '1723092429', '1723093143']
Final query: SELECT * FROM webhook_responses
Final parameters: []
Number of rows fetched: 74698
Sample messages in the data:
Sample messages: ['', '', '', '', None]
Sample timestamps: ['1723086598', '1723090671', '1723090893', '1723092429', '1723093143']
Final query: SELECT * FROM webhook_responses
Final parameters: []
Number of rows fetched: 74698
Sample messages in the data:
Sample messages: ['', '', '', '', None]
Sample timestamps: ['1723086598', '1723090671', '1723090893', '1723092429', '1723093143']
Number of rows fetched: 74698
Sample messages in the data:
Sample messages: ['', '', '', '', None]
Sample timestamps: ['1723086598', '1723090671', '1723090893', '1723092429', '1723093143']
Number of rows fetched: 74698
Sample messages in the data:
Sample messages: ['', '', '', '', None]
Sample timestamps: ['1723086598', '1723090671', '1723090893', '1723092429', '1723093143']
Not Found: /.env
User Rudralogistic logged in successfully.
User Rudralogistic logged in successfully.
User Rudralogistic logged in successfully.
User Rudralogistic logged in successfully.
Internal Server Error: /campaign/
Traceback (most recent call last):
  File "/root/wtsdashboard/wtsenv/lib/python3.12/site-packages/django/core/handlers/exception.py", line 55, in inner
    response = get_response(request)
               ^^^^^^^^^^^^^^^^^^^^^
  File "/root/wtsdashboard/wtsenv/lib/python3.12/site-packages/django/core/handlers/base.py", line 197, in _get_response
    response = wrapped_callback(request, *callback_args, **callback_kwargs)
               ^^^^^^^^^^^^^^^^^^^^^^^^^^^^^^^^^^^^^^^^^^^^^^^^^^^^^^^^^^^^
  File "/root/wtsdashboard/wtsenv/lib/python3.12/site-packages/django/contrib/auth/decorators.py", line 23, in _wrapper_view
    return view_func(request, *args, **kwargs)
           ^^^^^^^^^^^^^^^^^^^^^^^^^^^^^^^^^^^
  File "/root/wtsdashboard/whatsappsms_develop/sms/smsapp/views.py", line 431, in Campaign
    header_content = header_handle(header_content, token, app_id)
                     ^^^^^^^^^^^^^^^^^^^^^^^^^^^^^^^^^^^^^^^^^^^^
  File "/root/wtsdashboard/whatsappsms_develop/sms/smsapp/functions/template_msg.py", line 36, in header_handle
    file_length = file_path.size
                  ^^^^^^^^^^^^^^
AttributeError: 'NoneType' object has no attribute 'size'
Internal Server Error: /campaign/
Traceback (most recent call last):
  File "/root/wtsdashboard/wtsenv/lib/python3.12/site-packages/django/core/handlers/exception.py", line 55, in inner
    response = get_response(request)
               ^^^^^^^^^^^^^^^^^^^^^
  File "/root/wtsdashboard/wtsenv/lib/python3.12/site-packages/django/core/handlers/base.py", line 197, in _get_response
    response = wrapped_callback(request, *callback_args, **callback_kwargs)
               ^^^^^^^^^^^^^^^^^^^^^^^^^^^^^^^^^^^^^^^^^^^^^^^^^^^^^^^^^^^^
  File "/root/wtsdashboard/wtsenv/lib/python3.12/site-packages/django/contrib/auth/decorators.py", line 23, in _wrapper_view
    return view_func(request, *args, **kwargs)
           ^^^^^^^^^^^^^^^^^^^^^^^^^^^^^^^^^^^
  File "/root/wtsdashboard/whatsappsms_develop/sms/smsapp/views.py", line 431, in Campaign
    header_content = header_handle(header_content, token, app_id)
                     ^^^^^^^^^^^^^^^^^^^^^^^^^^^^^^^^^^^^^^^^^^^^
  File "/root/wtsdashboard/whatsappsms_develop/sms/smsapp/functions/template_msg.py", line 36, in header_handle
    file_length = file_path.size
                  ^^^^^^^^^^^^^^
AttributeError: 'NoneType' object has no attribute 'size'
discount 0
discountnumber 0
Final query: SELECT * FROM webhook_responses
Final parameters: []
Number of rows fetched: 74706
Sample messages in the data:
Sample messages: ['', '', '', '', None]
Sample timestamps: ['1723086598', '1723090671', '1723090893', '1723092429', '1723093143']
Internal Server Error: /reports/
Traceback (most recent call last):
  File "/root/wtsdashboard/whatsappsms_develop/sms/smsapp/views.py", line 495, in Reports
    df['phone_number_id'] = df['phone_number_id'].astype('Int64')
                            ^^^^^^^^^^^^^^^^^^^^^^^^^^^^^^^^^^^^^
  File "/root/wtsdashboard/wtsenv/lib/python3.12/site-packages/pandas/core/generic.py", line 6643, in astype
    new_data = self._mgr.astype(dtype=dtype, copy=copy, errors=errors)
               ^^^^^^^^^^^^^^^^^^^^^^^^^^^^^^^^^^^^^^^^^^^^^^^^^^^^^^^
  File "/root/wtsdashboard/wtsenv/lib/python3.12/site-packages/pandas/core/internals/managers.py", line 430, in astype
    return self.apply(
           ^^^^^^^^^^^
  File "/root/wtsdashboard/wtsenv/lib/python3.12/site-packages/pandas/core/internals/managers.py", line 363, in apply
    applied = getattr(b, f)(**kwargs)
              ^^^^^^^^^^^^^^^^^^^^^^^
  File "/root/wtsdashboard/wtsenv/lib/python3.12/site-packages/pandas/core/internals/blocks.py", line 758, in astype
    new_values = astype_array_safe(values, dtype, copy=copy, errors=errors)
                 ^^^^^^^^^^^^^^^^^^^^^^^^^^^^^^^^^^^^^^^^^^^^^^^^^^^^^^^^^^
  File "/root/wtsdashboard/wtsenv/lib/python3.12/site-packages/pandas/core/dtypes/astype.py", line 237, in astype_array_safe
    new_values = astype_array(values, dtype, copy=copy)
                 ^^^^^^^^^^^^^^^^^^^^^^^^^^^^^^^^^^^^^^
  File "/root/wtsdashboard/wtsenv/lib/python3.12/site-packages/pandas/core/dtypes/astype.py", line 182, in astype_array
    values = _astype_nansafe(values, dtype, copy=copy)
             ^^^^^^^^^^^^^^^^^^^^^^^^^^^^^^^^^^^^^^^^^
  File "/root/wtsdashboard/wtsenv/lib/python3.12/site-packages/pandas/core/dtypes/astype.py", line 80, in _astype_nansafe
    return dtype.construct_array_type()._from_sequence(arr, dtype=dtype, copy=copy)
           ^^^^^^^^^^^^^^^^^^^^^^^^^^^^^^^^^^^^^^^^^^^^^^^^^^^^^^^^^^^^^^^^^^^^^^^^
  File "/root/wtsdashboard/wtsenv/lib/python3.12/site-packages/pandas/core/arrays/masked.py", line 152, in _from_sequence
    values, mask = cls._coerce_to_array(scalars, dtype=dtype, copy=copy)
                   ^^^^^^^^^^^^^^^^^^^^^^^^^^^^^^^^^^^^^^^^^^^^^^^^^^^^^
  File "/root/wtsdashboard/wtsenv/lib/python3.12/site-packages/pandas/core/arrays/numeric.py", line 272, in _coerce_to_array
    values, mask, _, _ = _coerce_to_data_and_mask(
                         ^^^^^^^^^^^^^^^^^^^^^^^^^
  File "/root/wtsdashboard/wtsenv/lib/python3.12/site-packages/pandas/core/arrays/numeric.py", line 227, in _coerce_to_data_and_mask
    values = values.astype(dtype, copy=copy)
             ^^^^^^^^^^^^^^^^^^^^^^^^^^^^^^^
ValueError: invalid literal for int() with base 10: '344709618736355.0'

During handling of the above exception, another exception occurred:

Traceback (most recent call last):
  File "/root/wtsdashboard/wtsenv/lib/python3.12/site-packages/django/core/handlers/exception.py", line 55, in inner
    response = get_response(request)
               ^^^^^^^^^^^^^^^^^^^^^
  File "/root/wtsdashboard/wtsenv/lib/python3.12/site-packages/django/core/handlers/base.py", line 197, in _get_response
    response = wrapped_callback(request, *callback_args, **callback_kwargs)
               ^^^^^^^^^^^^^^^^^^^^^^^^^^^^^^^^^^^^^^^^^^^^^^^^^^^^^^^^^^^^
  File "/root/wtsdashboard/wtsenv/lib/python3.12/site-packages/django/contrib/auth/decorators.py", line 23, in _wrapper_view
    return view_func(request, *args, **kwargs)
           ^^^^^^^^^^^^^^^^^^^^^^^^^^^^^^^^^^^
  File "/root/wtsdashboard/whatsappsms_develop/sms/smsapp/views.py", line 544, in Reports
    return render(request, "reports.html", context)
                                           ^^^^^^^
UnboundLocalError: cannot access local variable 'context' where it is not associated with a value
Final query: SELECT * FROM webhook_responses
Final parameters: []
Number of rows fetched: 74706
Sample messages in the data:
Sample messages: ['', '', '', '', None]
Sample timestamps: ['1723086598', '1723090671', '1723090893', '1723092429', '1723093143']
Internal Server Error: /reports/
Traceback (most recent call last):
  File "/root/wtsdashboard/whatsappsms_develop/sms/smsapp/views.py", line 495, in Reports
    df['phone_number_id'] = df['phone_number_id'].astype('Int64')
                            ^^^^^^^^^^^^^^^^^^^^^^^^^^^^^^^^^^^^^
  File "/root/wtsdashboard/wtsenv/lib/python3.12/site-packages/pandas/core/generic.py", line 6643, in astype
    new_data = self._mgr.astype(dtype=dtype, copy=copy, errors=errors)
               ^^^^^^^^^^^^^^^^^^^^^^^^^^^^^^^^^^^^^^^^^^^^^^^^^^^^^^^
  File "/root/wtsdashboard/wtsenv/lib/python3.12/site-packages/pandas/core/internals/managers.py", line 430, in astype
    return self.apply(
           ^^^^^^^^^^^
  File "/root/wtsdashboard/wtsenv/lib/python3.12/site-packages/pandas/core/internals/managers.py", line 363, in apply
    applied = getattr(b, f)(**kwargs)
              ^^^^^^^^^^^^^^^^^^^^^^^
  File "/root/wtsdashboard/wtsenv/lib/python3.12/site-packages/pandas/core/internals/blocks.py", line 758, in astype
    new_values = astype_array_safe(values, dtype, copy=copy, errors=errors)
                 ^^^^^^^^^^^^^^^^^^^^^^^^^^^^^^^^^^^^^^^^^^^^^^^^^^^^^^^^^^
  File "/root/wtsdashboard/wtsenv/lib/python3.12/site-packages/pandas/core/dtypes/astype.py", line 237, in astype_array_safe
    new_values = astype_array(values, dtype, copy=copy)
                 ^^^^^^^^^^^^^^^^^^^^^^^^^^^^^^^^^^^^^^
  File "/root/wtsdashboard/wtsenv/lib/python3.12/site-packages/pandas/core/dtypes/astype.py", line 182, in astype_array
    values = _astype_nansafe(values, dtype, copy=copy)
             ^^^^^^^^^^^^^^^^^^^^^^^^^^^^^^^^^^^^^^^^^
  File "/root/wtsdashboard/wtsenv/lib/python3.12/site-packages/pandas/core/dtypes/astype.py", line 80, in _astype_nansafe
    return dtype.construct_array_type()._from_sequence(arr, dtype=dtype, copy=copy)
           ^^^^^^^^^^^^^^^^^^^^^^^^^^^^^^^^^^^^^^^^^^^^^^^^^^^^^^^^^^^^^^^^^^^^^^^^
  File "/root/wtsdashboard/wtsenv/lib/python3.12/site-packages/pandas/core/arrays/masked.py", line 152, in _from_sequence
    values, mask = cls._coerce_to_array(scalars, dtype=dtype, copy=copy)
                   ^^^^^^^^^^^^^^^^^^^^^^^^^^^^^^^^^^^^^^^^^^^^^^^^^^^^^
  File "/root/wtsdashboard/wtsenv/lib/python3.12/site-packages/pandas/core/arrays/numeric.py", line 272, in _coerce_to_array
    values, mask, _, _ = _coerce_to_data_and_mask(
                         ^^^^^^^^^^^^^^^^^^^^^^^^^
  File "/root/wtsdashboard/wtsenv/lib/python3.12/site-packages/pandas/core/arrays/numeric.py", line 227, in _coerce_to_data_and_mask
    values = values.astype(dtype, copy=copy)
             ^^^^^^^^^^^^^^^^^^^^^^^^^^^^^^^
ValueError: invalid literal for int() with base 10: '344709618736355.0'

During handling of the above exception, another exception occurred:

Traceback (most recent call last):
  File "/root/wtsdashboard/wtsenv/lib/python3.12/site-packages/django/core/handlers/exception.py", line 55, in inner
    response = get_response(request)
               ^^^^^^^^^^^^^^^^^^^^^
  File "/root/wtsdashboard/wtsenv/lib/python3.12/site-packages/django/core/handlers/base.py", line 197, in _get_response
    response = wrapped_callback(request, *callback_args, **callback_kwargs)
               ^^^^^^^^^^^^^^^^^^^^^^^^^^^^^^^^^^^^^^^^^^^^^^^^^^^^^^^^^^^^
  File "/root/wtsdashboard/wtsenv/lib/python3.12/site-packages/django/contrib/auth/decorators.py", line 23, in _wrapper_view
    return view_func(request, *args, **kwargs)
           ^^^^^^^^^^^^^^^^^^^^^^^^^^^^^^^^^^^
  File "/root/wtsdashboard/whatsappsms_develop/sms/smsapp/views.py", line 544, in Reports
    return render(request, "reports.html", context)
                                           ^^^^^^^
UnboundLocalError: cannot access local variable 'context' where it is not associated with a value
Final query: SELECT * FROM webhook_responses
Final parameters: []
Number of rows fetched: 74706
Sample messages in the data:
Sample messages: ['', '', '', '', None]
Sample timestamps: ['1723086598', '1723090671', '1723090893', '1723092429', '1723093143']
Internal Server Error: /reports/
Traceback (most recent call last):
  File "/root/wtsdashboard/whatsappsms_develop/sms/smsapp/views.py", line 495, in Reports
    df['phone_number_id'] = df['phone_number_id'].astype('Int64')
                            ^^^^^^^^^^^^^^^^^^^^^^^^^^^^^^^^^^^^^
  File "/root/wtsdashboard/wtsenv/lib/python3.12/site-packages/pandas/core/generic.py", line 6643, in astype
    new_data = self._mgr.astype(dtype=dtype, copy=copy, errors=errors)
               ^^^^^^^^^^^^^^^^^^^^^^^^^^^^^^^^^^^^^^^^^^^^^^^^^^^^^^^
  File "/root/wtsdashboard/wtsenv/lib/python3.12/site-packages/pandas/core/internals/managers.py", line 430, in astype
    return self.apply(
           ^^^^^^^^^^^
  File "/root/wtsdashboard/wtsenv/lib/python3.12/site-packages/pandas/core/internals/managers.py", line 363, in apply
    applied = getattr(b, f)(**kwargs)
              ^^^^^^^^^^^^^^^^^^^^^^^
  File "/root/wtsdashboard/wtsenv/lib/python3.12/site-packages/pandas/core/internals/blocks.py", line 758, in astype
    new_values = astype_array_safe(values, dtype, copy=copy, errors=errors)
                 ^^^^^^^^^^^^^^^^^^^^^^^^^^^^^^^^^^^^^^^^^^^^^^^^^^^^^^^^^^
  File "/root/wtsdashboard/wtsenv/lib/python3.12/site-packages/pandas/core/dtypes/astype.py", line 237, in astype_array_safe
    new_values = astype_array(values, dtype, copy=copy)
                 ^^^^^^^^^^^^^^^^^^^^^^^^^^^^^^^^^^^^^^
  File "/root/wtsdashboard/wtsenv/lib/python3.12/site-packages/pandas/core/dtypes/astype.py", line 182, in astype_array
    values = _astype_nansafe(values, dtype, copy=copy)
             ^^^^^^^^^^^^^^^^^^^^^^^^^^^^^^^^^^^^^^^^^
  File "/root/wtsdashboard/wtsenv/lib/python3.12/site-packages/pandas/core/dtypes/astype.py", line 80, in _astype_nansafe
    return dtype.construct_array_type()._from_sequence(arr, dtype=dtype, copy=copy)
           ^^^^^^^^^^^^^^^^^^^^^^^^^^^^^^^^^^^^^^^^^^^^^^^^^^^^^^^^^^^^^^^^^^^^^^^^
  File "/root/wtsdashboard/wtsenv/lib/python3.12/site-packages/pandas/core/arrays/masked.py", line 152, in _from_sequence
    values, mask = cls._coerce_to_array(scalars, dtype=dtype, copy=copy)
                   ^^^^^^^^^^^^^^^^^^^^^^^^^^^^^^^^^^^^^^^^^^^^^^^^^^^^^
  File "/root/wtsdashboard/wtsenv/lib/python3.12/site-packages/pandas/core/arrays/numeric.py", line 272, in _coerce_to_array
    values, mask, _, _ = _coerce_to_data_and_mask(
                         ^^^^^^^^^^^^^^^^^^^^^^^^^
  File "/root/wtsdashboard/wtsenv/lib/python3.12/site-packages/pandas/core/arrays/numeric.py", line 227, in _coerce_to_data_and_mask
    values = values.astype(dtype, copy=copy)
             ^^^^^^^^^^^^^^^^^^^^^^^^^^^^^^^
ValueError: invalid literal for int() with base 10: '344709618736355.0'

During handling of the above exception, another exception occurred:

Traceback (most recent call last):
  File "/root/wtsdashboard/wtsenv/lib/python3.12/site-packages/django/core/handlers/exception.py", line 55, in inner
    response = get_response(request)
               ^^^^^^^^^^^^^^^^^^^^^
  File "/root/wtsdashboard/wtsenv/lib/python3.12/site-packages/django/core/handlers/base.py", line 197, in _get_response
    response = wrapped_callback(request, *callback_args, **callback_kwargs)
               ^^^^^^^^^^^^^^^^^^^^^^^^^^^^^^^^^^^^^^^^^^^^^^^^^^^^^^^^^^^^
  File "/root/wtsdashboard/wtsenv/lib/python3.12/site-packages/django/contrib/auth/decorators.py", line 23, in _wrapper_view
    return view_func(request, *args, **kwargs)
           ^^^^^^^^^^^^^^^^^^^^^^^^^^^^^^^^^^^
  File "/root/wtsdashboard/whatsappsms_develop/sms/smsapp/views.py", line 544, in Reports
    return render(request, "reports.html", context)
                                           ^^^^^^^
UnboundLocalError: cannot access local variable 'context' where it is not associated with a value
Final query: SELECT * FROM webhook_responses
Final parameters: []
Number of rows fetched: 74706
Sample messages in the data:
Sample messages: ['', '', '', '', None]
Sample timestamps: ['1723086598', '1723090671', '1723090893', '1723092429', '1723093143']
Internal Server Error: /reports/
Traceback (most recent call last):
  File "/root/wtsdashboard/whatsappsms_develop/sms/smsapp/views.py", line 495, in Reports
    df['phone_number_id'] = df['phone_number_id'].astype('Int64')
                            ^^^^^^^^^^^^^^^^^^^^^^^^^^^^^^^^^^^^^
  File "/root/wtsdashboard/wtsenv/lib/python3.12/site-packages/pandas/core/generic.py", line 6643, in astype
    new_data = self._mgr.astype(dtype=dtype, copy=copy, errors=errors)
               ^^^^^^^^^^^^^^^^^^^^^^^^^^^^^^^^^^^^^^^^^^^^^^^^^^^^^^^
  File "/root/wtsdashboard/wtsenv/lib/python3.12/site-packages/pandas/core/internals/managers.py", line 430, in astype
    return self.apply(
           ^^^^^^^^^^^
  File "/root/wtsdashboard/wtsenv/lib/python3.12/site-packages/pandas/core/internals/managers.py", line 363, in apply
    applied = getattr(b, f)(**kwargs)
              ^^^^^^^^^^^^^^^^^^^^^^^
  File "/root/wtsdashboard/wtsenv/lib/python3.12/site-packages/pandas/core/internals/blocks.py", line 758, in astype
    new_values = astype_array_safe(values, dtype, copy=copy, errors=errors)
                 ^^^^^^^^^^^^^^^^^^^^^^^^^^^^^^^^^^^^^^^^^^^^^^^^^^^^^^^^^^
  File "/root/wtsdashboard/wtsenv/lib/python3.12/site-packages/pandas/core/dtypes/astype.py", line 237, in astype_array_safe
    new_values = astype_array(values, dtype, copy=copy)
                 ^^^^^^^^^^^^^^^^^^^^^^^^^^^^^^^^^^^^^^
  File "/root/wtsdashboard/wtsenv/lib/python3.12/site-packages/pandas/core/dtypes/astype.py", line 182, in astype_array
    values = _astype_nansafe(values, dtype, copy=copy)
             ^^^^^^^^^^^^^^^^^^^^^^^^^^^^^^^^^^^^^^^^^
  File "/root/wtsdashboard/wtsenv/lib/python3.12/site-packages/pandas/core/dtypes/astype.py", line 80, in _astype_nansafe
    return dtype.construct_array_type()._from_sequence(arr, dtype=dtype, copy=copy)
           ^^^^^^^^^^^^^^^^^^^^^^^^^^^^^^^^^^^^^^^^^^^^^^^^^^^^^^^^^^^^^^^^^^^^^^^^
  File "/root/wtsdashboard/wtsenv/lib/python3.12/site-packages/pandas/core/arrays/masked.py", line 152, in _from_sequence
    values, mask = cls._coerce_to_array(scalars, dtype=dtype, copy=copy)
                   ^^^^^^^^^^^^^^^^^^^^^^^^^^^^^^^^^^^^^^^^^^^^^^^^^^^^^
  File "/root/wtsdashboard/wtsenv/lib/python3.12/site-packages/pandas/core/arrays/numeric.py", line 272, in _coerce_to_array
    values, mask, _, _ = _coerce_to_data_and_mask(
                         ^^^^^^^^^^^^^^^^^^^^^^^^^
  File "/root/wtsdashboard/wtsenv/lib/python3.12/site-packages/pandas/core/arrays/numeric.py", line 227, in _coerce_to_data_and_mask
    values = values.astype(dtype, copy=copy)
             ^^^^^^^^^^^^^^^^^^^^^^^^^^^^^^^
ValueError: invalid literal for int() with base 10: '344709618736355.0'

During handling of the above exception, another exception occurred:

Traceback (most recent call last):
  File "/root/wtsdashboard/wtsenv/lib/python3.12/site-packages/django/core/handlers/exception.py", line 55, in inner
    response = get_response(request)
               ^^^^^^^^^^^^^^^^^^^^^
  File "/root/wtsdashboard/wtsenv/lib/python3.12/site-packages/django/core/handlers/base.py", line 197, in _get_response
    response = wrapped_callback(request, *callback_args, **callback_kwargs)
               ^^^^^^^^^^^^^^^^^^^^^^^^^^^^^^^^^^^^^^^^^^^^^^^^^^^^^^^^^^^^
  File "/root/wtsdashboard/wtsenv/lib/python3.12/site-packages/django/contrib/auth/decorators.py", line 23, in _wrapper_view
    return view_func(request, *args, **kwargs)
           ^^^^^^^^^^^^^^^^^^^^^^^^^^^^^^^^^^^
  File "/root/wtsdashboard/whatsappsms_develop/sms/smsapp/views.py", line 544, in Reports
    return render(request, "reports.html", context)
                                           ^^^^^^^
UnboundLocalError: cannot access local variable 'context' where it is not associated with a value
Final query: SELECT * FROM webhook_responses
Final parameters: []
Number of rows fetched: 74706
Sample messages in the data:
Sample messages: ['', '', '', '', None]
Sample timestamps: ['1723086598', '1723090671', '1723090893', '1723092429', '1723093143']
Internal Server Error: /reports/
Traceback (most recent call last):
  File "/root/wtsdashboard/whatsappsms_develop/sms/smsapp/views.py", line 495, in Reports
    df['phone_number_id'] = df['phone_number_id'].astype('Int64')
                            ^^^^^^^^^^^^^^^^^^^^^^^^^^^^^^^^^^^^^
  File "/root/wtsdashboard/wtsenv/lib/python3.12/site-packages/pandas/core/generic.py", line 6643, in astype
    new_data = self._mgr.astype(dtype=dtype, copy=copy, errors=errors)
               ^^^^^^^^^^^^^^^^^^^^^^^^^^^^^^^^^^^^^^^^^^^^^^^^^^^^^^^
  File "/root/wtsdashboard/wtsenv/lib/python3.12/site-packages/pandas/core/internals/managers.py", line 430, in astype
    return self.apply(
           ^^^^^^^^^^^
  File "/root/wtsdashboard/wtsenv/lib/python3.12/site-packages/pandas/core/internals/managers.py", line 363, in apply
    applied = getattr(b, f)(**kwargs)
              ^^^^^^^^^^^^^^^^^^^^^^^
  File "/root/wtsdashboard/wtsenv/lib/python3.12/site-packages/pandas/core/internals/blocks.py", line 758, in astype
    new_values = astype_array_safe(values, dtype, copy=copy, errors=errors)
                 ^^^^^^^^^^^^^^^^^^^^^^^^^^^^^^^^^^^^^^^^^^^^^^^^^^^^^^^^^^
  File "/root/wtsdashboard/wtsenv/lib/python3.12/site-packages/pandas/core/dtypes/astype.py", line 237, in astype_array_safe
    new_values = astype_array(values, dtype, copy=copy)
                 ^^^^^^^^^^^^^^^^^^^^^^^^^^^^^^^^^^^^^^
  File "/root/wtsdashboard/wtsenv/lib/python3.12/site-packages/pandas/core/dtypes/astype.py", line 182, in astype_array
    values = _astype_nansafe(values, dtype, copy=copy)
             ^^^^^^^^^^^^^^^^^^^^^^^^^^^^^^^^^^^^^^^^^
  File "/root/wtsdashboard/wtsenv/lib/python3.12/site-packages/pandas/core/dtypes/astype.py", line 80, in _astype_nansafe
    return dtype.construct_array_type()._from_sequence(arr, dtype=dtype, copy=copy)
           ^^^^^^^^^^^^^^^^^^^^^^^^^^^^^^^^^^^^^^^^^^^^^^^^^^^^^^^^^^^^^^^^^^^^^^^^
  File "/root/wtsdashboard/wtsenv/lib/python3.12/site-packages/pandas/core/arrays/masked.py", line 152, in _from_sequence
    values, mask = cls._coerce_to_array(scalars, dtype=dtype, copy=copy)
                   ^^^^^^^^^^^^^^^^^^^^^^^^^^^^^^^^^^^^^^^^^^^^^^^^^^^^^
  File "/root/wtsdashboard/wtsenv/lib/python3.12/site-packages/pandas/core/arrays/numeric.py", line 272, in _coerce_to_array
    values, mask, _, _ = _coerce_to_data_and_mask(
                         ^^^^^^^^^^^^^^^^^^^^^^^^^
  File "/root/wtsdashboard/wtsenv/lib/python3.12/site-packages/pandas/core/arrays/numeric.py", line 227, in _coerce_to_data_and_mask
    values = values.astype(dtype, copy=copy)
             ^^^^^^^^^^^^^^^^^^^^^^^^^^^^^^^
ValueError: invalid literal for int() with base 10: '344709618736355.0'

During handling of the above exception, another exception occurred:

Traceback (most recent call last):
  File "/root/wtsdashboard/wtsenv/lib/python3.12/site-packages/django/core/handlers/exception.py", line 55, in inner
    response = get_response(request)
               ^^^^^^^^^^^^^^^^^^^^^
  File "/root/wtsdashboard/wtsenv/lib/python3.12/site-packages/django/core/handlers/base.py", line 197, in _get_response
    response = wrapped_callback(request, *callback_args, **callback_kwargs)
               ^^^^^^^^^^^^^^^^^^^^^^^^^^^^^^^^^^^^^^^^^^^^^^^^^^^^^^^^^^^^
  File "/root/wtsdashboard/wtsenv/lib/python3.12/site-packages/django/contrib/auth/decorators.py", line 23, in _wrapper_view
    return view_func(request, *args, **kwargs)
           ^^^^^^^^^^^^^^^^^^^^^^^^^^^^^^^^^^^
  File "/root/wtsdashboard/whatsappsms_develop/sms/smsapp/views.py", line 544, in Reports
    return render(request, "reports.html", context)
                                           ^^^^^^^
UnboundLocalError: cannot access local variable 'context' where it is not associated with a value
Not Found: /ads.txt
User Itsolution4india logged in successfully.
Final query: SELECT * FROM webhook_responses
Final parameters: []
Number of rows fetched: 74708
Sample messages in the data:
Sample messages: ['', '', '', '', None]
Sample timestamps: ['1723086598', '1723090671', '1723090893', '1723092429', '1723093143']
Not Found: /src/login.php
Not Found: /webmail/src/login.php
Not Found: /squirrelmail/src/login.php
Not Found: /.esmtprc
Not Found: /my-account/
Not Found: /.mailmap
Not Found: /wp-content/uploads/mc4wp-debug.log
Not Found: /cgi-bin/sqwebmail
Not Found: /webmail/
Not Found: /owa/auth/logon.aspx
Not Found: /cgi-bin/webmail
Not Found: /qmailadmin/qmailadmin.cgi
Not Found: /cgi-bin/qmailadmin/qmailadmin
Not Found: /cgi-bin/qmailadmin
Not Found: /cgi-ssl/qmailadmin/qmailadmin
Not Found: /_debugbar/open
Not Found: /php.ini
Not Found: /php-fpm.conf
Not Found: /status
Not Found: /.env
Not Found: //wp-includes/ID3/license.txt
Not Found: //feed/
Not Found: //xmlrpc.php
Not Found: //blog/wp-includes/wlwmanifest.xml
Not Found: //web/wp-includes/wlwmanifest.xml
Not Found: //wordpress/wp-includes/wlwmanifest.xml
Not Found: //wp/wp-includes/wlwmanifest.xml
Not Found: //2020/wp-includes/wlwmanifest.xml
Not Found: //2019/wp-includes/wlwmanifest.xml
Not Found: //2021/wp-includes/wlwmanifest.xml
Not Found: //shop/wp-includes/wlwmanifest.xml
Not Found: //wp1/wp-includes/wlwmanifest.xml
Not Found: //test/wp-includes/wlwmanifest.xml
Not Found: //site/wp-includes/wlwmanifest.xml
Not Found: //cms/wp-includes/wlwmanifest.xml
Not Found: /robots.txt
Not Found: /robots.txt
Not Found: /sitemap.xml
Not Found: /sitemaps.xml
Not Found: /atom.xml
Not Found: /robots.txt
Not Found: /robots.txt
Not Found: /sitemap.xml
Not Found: /sitemaps.xml
Not Found: /sitemap.txt
Not Found: /sitemap.txt
Not Found: /sitemap_index.xml
Not Found: /_profiler/empty/search/results
Not Found: /app_dev.php/_profiler/empty/search/results
Not Found: /index.php/_profiler/empty/search/results
Not Found: /index_dev.php/_profiler/empty/search/results
Not Found: /dev.php/_profiler/empty/search/results
Not Found: /debug.php/_profiler/empty/search/results
Not Found: /_debug/_profiler/empty/search/results
Not Found: /web/_profiler/empty/search/results
Not Found: /public/_profiler/empty/search/results
Not Found: /frontend_dev.php/_profiler/empty/search/results
Not Found: /backend_dev.php/_profiler/empty/search/results
Not Found: /api_dev.php/_profiler/empty/search/results
Not Found: /app.php/_profiler/empty/search/results
Not Found: /app_test.php/_profiler/empty/search/results
Not Found: /test.php/_profiler/empty/search/results
Not Found: /symfony/_profiler/empty/search/results
Not Found: /debug/_profiler/empty/search/results
Not Found: /dev/_profiler/empty/search/results
Not Found: /profiler/empty/search/results
Not Found: /sitemap.xml
Not Found: /config/databases.yml
Not Found: /typo3/
Not Found: /js/routing
Not Found: /yyoa/ext/https/getSessionList.jsp
Not Found: /index.php
Not Found: /_fragment
Not Found: /debug/default/view.html
Not Found: /admin_dev.php
Not Found: /debug/default/view
Not Found: /index_dev.php
Not Found: /frontend/web/debug/default/view
Not Found: /app_dev.php
Not Found: /web/debug/default/view
Not Found: /sapi/debug/default/view
Not Found: /debug/default
Not Found: /atom.xml
Not Found: /sitemap.xml.gz
Not Found: /sitemap_index.xml
Not Found: /.env
Not Found: /api/.env
Not Found: /storage/logs/laravel.log
Not Found: /api/jsonws
Not Found: /Setup/index.php/
Not Found: /telescope/requests
Not Found: /module/
Not Found: /module/
Not Found: /node_modules/mqtt/test/helpers/
Not Found: /install.php
Not Found: /module/
Invalid form submission: <ul class="errorlist"><li>username_or_email<ul class="errorlist"><li>This field is required.</li></ul></li><li>password<ul class="errorlist"><li>This field is required.</li></ul></li></ul>
Not Found: /wp-login.php
Not Found: //wp-includes/wlwmanifest.xml
Not Found: //xmlrpc.php
Not Found: //blog/wp-includes/wlwmanifest.xml
Not Found: //web/wp-includes/wlwmanifest.xml
Not Found: //wordpress/wp-includes/wlwmanifest.xml
Not Found: //website/wp-includes/wlwmanifest.xml
Not Found: //wp/wp-includes/wlwmanifest.xml
Not Found: //news/wp-includes/wlwmanifest.xml
Not Found: //2018/wp-includes/wlwmanifest.xml
Not Found: //2019/wp-includes/wlwmanifest.xml
Not Found: //shop/wp-includes/wlwmanifest.xml
Not Found: //wp1/wp-includes/wlwmanifest.xml
Not Found: //test/wp-includes/wlwmanifest.xml
Not Found: //media/wp-includes/wlwmanifest.xml
Not Found: //wp2/wp-includes/wlwmanifest.xml
Not Found: //site/wp-includes/wlwmanifest.xml
Not Found: //cms/wp-includes/wlwmanifest.xml
Not Found: //sito/wp-includes/wlwmanifest.xml
Not Found: /parameters.yml
Not Found: /app/config/parameters.yml
Not Found: /parameters.yml.dist
Not Found: /app/config/parameters.yml.dist
Not Found: /storage.yml
Not Found: /secrets.yml
Not Found: /php-fpm.conf
Not Found: /environment.rb
Not Found: /_profiler/phpinfo.php
Not Found: /2pUdaa03QZQ19WXhbo9Zh15mTvx
Not Found: /secret_token.rb
Not Found: /config/storage.yml
Not Found: /config/secrets.yml
Not Found: /config/environment.rb
Not Found: /config/database.yml
Not Found: /_profiler/phpinfo
Not Found: /config/initializers/secret_token.rb
Not Found: /ruby/config/storage.yml
Not Found: /test/config/secrets.yml
Not Found: /redmine/config/environment.rb
Not Found: /redmine/config/initializers/secret_token.rb
Not Found: /railsapp/config/storage.yml
Not Found: /redmine/config/secrets.yml
Not Found: /.env
Not Found: /settings.php.bak
Not Found: /settings.php.dist
Not Found: /settings.php.old
Not Found: /settings.php.save
Not Found: /settings.php.swp
Not Found: /settings.php.txt
Not Found: /config/settings.old.php
Not Found: /vendor/phpfastcache/phpfastcache/docs/examples/phpinfo.php
Not Found: /user.ini
Not Found: /vendor/phpfastcache/phpfastcache/examples/phpinfo.php
Not Found: /.user.ini
Not Found: /php.php
Not Found: /phpinfo.php
Not Found: /info.php
Not Found: /opcache-status/
Not Found: /status
Not Found: /php.ini
Not Found: /_debugbar/open
Not Found: /settings.php.bak
Not Found: /vendor/phpfastcache/phpfastcache/docs/examples/phpinfo.php
Not Found: /php-opcache-status/
Not Found: /user.ini
Not Found: /settings.php.dist
Not Found: /vendor/phpfastcache/phpfastcache/examples/phpinfo.php
Not Found: /opcache-status/opcache.php
Not Found: /settings.php.old
Not Found: /.user.ini
Not Found: /settings.php.save
Not Found: /settings.php.swp
Not Found: /settings.php.txt
Not Found: /config/settings.old.php
Not Found: /.env
Not Found: /api/stats
Not Found: /horizon/api/stats
Not Found: /CMSInstall/install.aspx
Not Found: /NON_EXISTING_PATH/
Not Found: /index.php/install
Not Found: /manage.py
Not Found: /index.php/install/
Not Found: /json-rpc/
Not Found: /include/downmix.inc.php
Forbidden (Referer checking failed - no Referer.): /admin/login/
Not Found: /concrete5/index.php/install
Not Found: /settings.py
Not Found: /app/settings.py
Not Found: /django/settings.py
Not Found: /settings/settings.py
Not Found: /web/settings/settings.py
Not Found: /admin.php
Not Found: /config.php
Not Found: /about/function.php
Not Found: /lock.php
Not Found: /simple.php
Not Found: /radio.php
Not Found: /wp-mail.php
Not Found: /wp-content/index.php
Not Found: /alfa.php
Not Found: /.well-known/acme-challenge/index.php
Not Found: /wp-content/plugins/index.php
Not Found: /text.php
Not Found: /autoload_classmap.php
Not Found: /wp-includes/autoload_classmap.php
Not Found: /item.php
Not Found: /file.php
Not Found: /wp-includes/blocks/about.php
Not Found: /mah.php
Not Found: /themes/zMousse/otuz1.php
Not Found: /lv.php
Not Found: /inputs.php
Not Found: /wp-content/languages/index.php
Not Found: /wp-admin/includes/index.php
Not Found: /css/index.php
Not Found: /makeasmtp.php
Not Found: /wp-content/radio.php
Not Found: /wp-includes/IXR/index.php
Not Found: /wp-links.php
Not Found: /wp-content/cong.php
Not Found: /1.php
Not Found: /.well-known/index.php
Not Found: /alfanew.php
Not Found: /wp-content/themes/twenty/twenty.php
Not Found: /cong.php
Not Found: /as.php
Not Found: /wp-content/themes/index.php
Not Found: /wp-includes/Requests/about.php
Not Found: /wp-includes/images/about.php
Not Found: /bak.php
Not Found: /wp-info.php
Not Found: /wp-includes/style-engine/about.php
Not Found: /wp-admin/images/index.php
Not Found: /about.php
Not Found: /wp-admin/maint/index.php
Not Found: /index.html
Not Found: /wp-admin/maint/about.php
Not Found: /doc.php
Not Found: /wp-admin/js/index.php
Not Found: /wp-content/autoload_classmap.php
Not Found: /wp-trackback.php
Not Found: /wp-admin/css/colors/blue/index.php
Not Found: /cgi-bin/about.php
Not Found: /wp-includes/makeasmtp.php
Not Found: /13.php
Not Found: /wp-includes/IXR/about.php
Not Found: /wp-includes/ID3/admin.php
Not Found: /function.php
Not Found: /jp.php
Not Found: /wp-admin/includes/about.php
Not Found: /shell20211028.php
Not Found: /index/function.php
Not Found: /wp-signup.php
Not Found: /atomlib.php
Not Found: /cgi-bin/wp-login.php
Not Found: /css.php
Not Found: /wp-admin/images/xmrlpc.php
Not Found: /default.php
Not Found: /info.php
Not Found: /wp-content/plugins/pwnd/as.php
Not Found: /wp-includes/SimplePie/about.php
Not Found: /chosen
Not Found: /wp-includes/SimplePie/index.php
Not Found: /link.php
Not Found: /.well-known/content.php
Not Found: /.well-known/pki-validation/mariju.php
Not Found: /wp-content/languages/about.php
Not Found: /wp-content/plugins/about.php
Not Found: /wp-content/themes/astra/inc/ki1k.php
Not Found: /moon.php
Not Found: /wp-admin/css/about.php
Not Found: /wp-content/themes/about.php
Not Found: /wp-includes/about.php
Not Found: /404.php
Not Found: /wp-content/themes/wp-pridmag/init.php
Not Found: /x.php
Not Found: /widgets.php
Not Found: /wp-content/plugins/revslider/includes/external/page/index.php
Not Found: /classwithtostring.php
Not Found: /aks.php
Not Found: /wp-content/admin.php
Not Found: /.well-known/acme-challenge/file
Not Found: /buy.php
Not Found: /wp-admin/css/index.php
Not Found: /install.php
Not Found: /cgi-bin/xmrlpc.php
Not Found: /filemanager.php
Not Found: /wp-includes/wp-load.php
Not Found: /cgi-bin/index.php
Not Found: /log.php
Not Found: /index.php
Not Found: /mail.php
Not Found: /content.php
Not Found: /upfile.php
Not Found: /wp.php
Not Found: /wp-conflg.php
Not Found: /bypass.php
Not Found: /updates.php
Not Found: /xmrlpc.php
Not Found: /ae.php
Not Found: /blog.php
Not Found: /themes.php
Not Found: /ini.php
Not Found: /shell.php
Not Found: /ws.php
Not Found: /dropdown.php
Not Found: /wp-sigunq.php
Not Found: /wso112233.php
Not Found: /fw.php
Not Found: /wp-login.php
Not Found: /wp-content/plugins/google-seo-rank/module.php
Not Found: /chosen.php
Not Found: /classsmtps.php
Not Found: /wp-blog-header.php
Not Found: /wp-comments-post.php
Not Found: /wp-cron.php
Not Found: /wp-load.php
Not Found: /edit.php
Not Found: /wp-activate.php
Not Found: /plugins.php
Not Found: /post.php
Not Found: /wp-2019.php
Not Found: /2index.php
Not Found: /C.php
Not Found: /c.php
Not Found: /01.php
Not Found: /02.php
Not Found: /mini.php
Not Found: /403.php
Not Found: /wso.php
Not Found: /wp-22.php
Not Found: /1index.php
Not Found: /marijuana.php
Not Found: /good.php
Not Found: /up.php
Not Found: /crack_self_restore.php
Not Found: /wp-admin/user/network.php
Not Found: /menu.php
Not Found: /.well-known/pki-validation/dropdown.php
Not Found: /wp-includes/ID3/rk2.php
Not Found: /wp-content/plugins/core-plugin/include.php
Not Found: /wp-content/plugins/wpsml-sys.php
Not Found: /.well-known/about.php
Not Found: /wp-includes/ID3/themes.php
Not Found: /wp-includes/customize/themes.php
Not Found: /wp-admin/images/xmrlpc.php
Not Found: /wp-includes/SimplePie/network.php
Not Found: /images/options.php
Not Found: /session.php
Not Found: /wp-includes/index.php
Not Found: /wp-apxupx.php
Not Found: /.well-known/pki-validation/bb.php
Not Found: /wp-content/plugins/dummyyummy/wp-signup.php
Not Found: /wp-includes/Text/Diff/Engine.php
Not Found: /.well-known/class.api.php
Not Found: /wp-content/themes/twentytwentytwo/index.php
Not Found: /ova-tools.php
Not Found: /wp-includes/IXR/admin.php
Not Found: /wp-includes/Requests/Text/admin.php
Not Found: /class.api.php
Not Found: /abe.php
Not Found: /htaccess.php
Not Found: /gallery
Not Found: /byp.php
Not Found: /.well-known/pki-validation/link.php
Not Found: /wp-admin/css/colors/a.php
Not Found: /yanz.php
Not Found: /click.php
Not Found: /goat1.php
Not Found: /ALFA_DATA/autoload_classmap.php
Not Found: /wp-admin/css/colors/blue/atomlib.php
Not Found: /wp-admin/images/as.php
Not Found: /sidwsi.php
Not Found: /upgrade.php
Not Found: /.well-known/991176.php
Not Found: /wp-includes/certificates/about.php
Not Found: /wp-admin/css/colors/blue/about.php
Not Found: /minik.php
Not Found: /options.php
Not Found: /wp-admin/images/about.php
Not Found: /style.php
Not Found: /wp-admin/maint/sidebara.php
Not Found: /wp-admin/user/cloud.php
Not Found: /wp-includes/theme-compat/embed-core.php
Not Found: /wp-includes/options.php
Not Found: /wp-includes/Text/wp-login.php
Not Found: /cc.php
Not Found: /wp-admin/wp-admin.php
Not Found: /wp-includes/Text/Diff/Engine/wp-login.php
Not Found: /wp-mail.php/wp-includes/ID3/getid3s.php
Not Found: /wp-content/batm.php
Not Found: /wp-content/403.php
Not Found: /wp-admin/product.php
Not Found: /wp-content/uploads/autoload_classmap.php
Not Found: /moon.php
Not Found: /wp-admin/user/about.php
Not Found: /wp-includes/theme-compat/about.php
Not Found: /worksec.php
Not Found: /wp-includes/SimplePie/plugins.php
Not Found: /wp-includes/SimplePie/admin.php
Not Found: /wp-admin/index.php
Not Found: /siteheads.php
Not Found: /2.php
Not Found: /wp-includes/rest-api/alfa-rex.php7
Not Found: /.well-known/acme-challenge/license.php
Not Found: /wp-includes/css/dist/preferences/wp-login.php
Not Found: /wp-includes/assets/index.php
Not Found: /wp-content/plugins/wp-help/index.php
Not Found: /wp-content/plugins/hellopress/wp_filemanager.php
Not Found: /wp-config-sample.php
Not Found: /wp-includes/1index.php
Not Found: /wp_wrong_datlib.php
Not Found: /wikindex.php
Not Found: /wp-admin/setup-config.php
Not Found: /wp-admin/xleet.php
Not Found: /wp-content/fw.php
Not Found: /wp-admin/fx.php
Not Found: /4price.php
Not Found: /utchiha.php
Not Found: /wp-admin/priv8.php
Not Found: /wp-admin/rss.php
Not Found: /uploads/xleet.php
Not Found: /.well-known/acme-challenge/mariju.php
Not Found: /plugin.php
Not Found: /wp-admin/includes/mar.php
Not Found: /wp-content/plugins/pwnd-1/as.php
Not Found: /cgi-bin/cgi-bin/about.php7
Not Found: /wp-content/themes/travelscape/json.php
Not Found: /wp-includes/css/core.php
Not Found: /db.php
Not Found: /wp-includes/ID3/install.php
Not Found: /wp-content/file.php
Not Found: /.well-known/cong.php
Not Found: /.wp-cli/as.php
Not Found: /xl2023.php
Not Found: /wp-admin/css/colors/coffee/index.php
Not Found: /vendor/composer/index.php
Not Found: /wp-content/product.php
Not Found: /.well-known/acme-challenge/atomlib.php
Not Found: /wp-atom.php
Not Found: /wp-includes/rest-api/fields/radio.php
Not Found: /wp-includes/images/media/rk2.php
Not Found: /wp-includes/ID3/options.php
Not Found: /wp-head.php
Not Found: /.well-known/pki-validation/cifcxgxm.php
Not Found: /wp-content/uploads/index.php
Not Found: /wp-admin/users.php
Not Found: /.well-known/elp.php
Not Found: /wp-includes/fonts/index.php
Not Found: /wp-includes/certificates/wp-login.php
Not Found: /wp-admin/radio.php
Not Found: /cgi-bin/wp-2019.php
Not Found: /wp-includes/item.php
Not Found: /wp-content/upgrade/about.php
Not Found: /0x.php
Not Found: /uploads/autoload_classmap.php
Not Found: /wp-content/plugins/pwnd/pwnd.php
Not Found: /class.php
Not Found: /wp-content/themes/hello-element/footer.php
Not Found: /wp-content/plugins/install.php
Not Found: /wp-content/plugins/aioseoextensions/file.php
Not Found: /wp-content/mah.php
Not Found: /wp-files.php
Not Found: /wp-admin/cong.php
Not Found: /alfanew.php7
Not Found: /wp-admin/images/wp-login.php
Not Found: /wp-content/themes/sketch/404.php
Not Found: /wp-content/plugins/wp-help/admin/wp-fclass.php
Not Found: /.well-known/admin.php
Not Found: /upload.php
Not Found: /.well-known/pki-validation/classwithtostring.php
Not Found: /bless.php
Not Found: /about.php
Not Found: /wp-content/uploads/cache.php
Not Found: /options-discussion.php
Not Found: /tiny.php
Not Found: /wp-includes/class-wp-pages.php
Not Found: /wp-includes/theme-compat/wp-login.php
Not Found: /wp-admin/user/wp-login.php
Not Found: /wp-content/uploads/wp-login.php
Not Found: /wp-includes/admin.php
Not Found: /wp-includes/product.php
Not Found: /wp-content/languages/ru_RU_lite.mo.php
Not Found: /gif.php
Not Found: /wp-content/uploads/wp.php
Not Found: /license.php
Not Found: /test.php
Not Found: /wp-content/plugins/item.php
Not Found: /ethan.php
Not Found: /wp-content/plugins/pwnd/a.php
Not Found: /defaults.php
Not Found: /network.php
Not Found: /wp-includes/SimplePie/Decode/lv.php
Not Found: /.well-known/acme-challenge/install.php
Not Found: /mycommand.php
Not Found: /.well-known/wp-2019.php
Not Found: /wp-includes/theme-compat/chosen.php
Not Found: /web.php
Not Found: /wp-admin.php
Not Found: /update-core.php
Not Found: /wp-admin/user/plugins.php
Not Found: /wp/abe.php
Not Found: /bs1.php
Not Found: /wp-content/themes/aahana/json.php
Not Found: /berlin.php
Not Found: /wp-admin/network/index.php/.well-known/acme-challenge/admin.php
Not Found: /.well-known/acme-challenge/autoload_classmap.php
Not Found: /.well-known/acme-challenge/cloud.php
Not Found: /.well-known/acme-challenge/makeasmtp.php
Not Found: /.well-known/acme-challenge/plugins.php
Not Found: /.well-known/acme-challenge/radio.php
Not Found: /.well-known/acme-challenge/xmrlpc.php
Not Found: /.well-known/cloud.php
Not Found: /.well-known/dropdown.php
Not Found: /.well-known/file.php
Not Found: /.well-known/makeasmtp.php
Not Found: /.well-known/pki-validation/about.php
Not Found: /.well-known/pki-validation/afnew.php
Not Found: /.well-known/pki-validation/cloud.php
Not Found: /.well-known/pki-validation/index.php
Not Found: /.well-known/pki-validation/wp-config.php
Not Found: /.well-known/pki-validation/xmrlpc.php
Not Found: /.well-known/radio.php
Not Found: /.well-known/wp-load.php
Not Found: /.well-known/wp-login.php
Not Found: /about.php7
Not Found: /admin-post.php
Not Found: /adminfuns.php7
Not Found: /ajax-actions.php
Not Found: /alfa-rex.php7
Not Found: /alfa-rex2.php7
Not Found: /alfanew2.php7
Not Found: /avaa.php
Not Found: /cache-compat.php
Not Found: /cgi-bin/404.php
Not Found: /cgi-bin/cloud.php
Not Found: /cgi-bin/file.php
Not Found: /cgi-bin/radio.php
Not Found: /cgi-bin/themes.php
Not Found: /cgi-bin/xmrlpc.php
Not Found: /cloud.php
Not Found: /contact.php
Not Found: /css/cloud.php
Not Found: /css/xmrlpc.php
Not Found: /ebs.php7
Not Found: /filemanager/dialog.php
Not Found: /files/index.php
Not Found: /images/about.php
Not Found: /images/cloud.php
Not Found: /images/xmrlpc.php
Not Found: /img/about.php
Not Found: /img/cloud.php
Not Found: /img/xmrlpc.php
Not Found: /libraries/legacy/updates.php
Not Found: /libraries/phpmailer/updates.php
Not Found: /libraries/vendor/updates.php
Not Found: /lufix.php
Not Found: /media.php
Not Found: /readme.php
Not Found: /repeater.php
Not Found: /wp-admin/404.php
Not Found: /wp-admin/about.php
Not Found: /wp-admin/ajax-actions.php
Not Found: /wp-admin/autoload_classmap.php
Not Found: /wp-admin/cloud.php
Not Found: /wp-admin/css/colors/blue/cloud.php
Not Found: /wp-admin/css/colors/blue/xmrlpc.php
Not Found: /wp-admin/css/colors/cloud.php
Not Found: /wp-admin/css/colors/coffee/cloud.php
Not Found: /wp-admin/css/colors/coffee/xmrlpc.php
Not Found: /wp-admin/css/colors/index.php
Not Found: /wp-admin/css/colors/xmrlpc.php
Not Found: /wp-admin/css/license.php
Not Found: /wp-admin/css/wp-login.php
Not Found: /wp-admin/dropdown.php
Not Found: /wp-admin/file.php
Not Found: /wp-admin/images/cloud.php
Not Found: /wp-admin/images/file.php
Not Found: /wp-admin/includes/cloud.php
Not Found: /wp-admin/includes/xmrlpc.php
Not Found: /wp-admin/js/about.php
Not Found: /wp-admin/js/widgets/about.php7
Not Found: /wp-admin/js/widgets/cloud.php
Not Found: /wp-admin/js/widgets/xmrlpc.php
Not Found: /wp-admin/license.php
Not Found: /wp-admin/maint/maint/ajax-actions.php
Not Found: /wp-admin/network/cloud.php
Not Found: /wp-admin/network/xmrlpc.php
Not Found: /wp-admin/repeater.php
Not Found: /wp-admin/themes.php
Not Found: /wp-admin/user/index.php
Not Found: /wp-admin/user/themes.php
Not Found: /wp-admin/user/xmrlpc.php
Not Found: /wp-admin/wp-login.php
Not Found: /wp-admin/wp-signup.php
Not Found: /wp-admin/xmrlpc.php
Not Found: /wp-configs.php
Not Found: /wp-consar.php
Not Found: /wp-content/about.php
Not Found: /wp-content/banners/about.php
Not Found: /wp-content/blogs.dir/about.php
Not Found: /wp-content/cloud.php
Not Found: /wp-content/dropdown.php
Not Found: /wp-content/gallery/about.php
Not Found: /wp-content/plugins/Cache/Cache.php
Not Found: /wp-content/plugins/awesome-coming-soon/come.php
Not Found: /wp-content/plugins/dropdown.php
Not Found: /wp-content/plugins/linkpreview/db.php
Not Found: /wp-content/plugins/not/includes/about.php
Not Found: /wp-content/plugins/seoo/wsoyanz.php
Not Found: /wp-content/plugins/seoo/wsoyanz1.php
Not Found: /wp-content/plugins/seoplugins/db.php
Not Found: /wp-content/plugins/seoplugins/mar.php
Not Found: /wp-content/plugins/simple/simple.php
Not Found: /wp-content/plugins/wp-conflg.php
Not Found: /wp-content/plugins/wp-theme-editor/include.php
Not Found: /wp-content/repeater.php
Not Found: /wp-content/themes.php
Not Found: /wp-content/themes/404.php
Not Found: /wp-content/themes/admin.php
Not Found: /wp-content/themes/pridmag/db.php
Not Found: /wp-content/themes/seotheme/db.php
Not Found: /wp-content/themes/seotheme/mar.php
Not Found: /wp-content/themes/themes.php
Not Found: /wp-content/updates.php
Not Found: /wp-content/updraft/about.php
Not Found: /wp-content/upgrade-temp-backup/about.php
Not Found: /wp-content/upgrade/function.php
Not Found: /wp-content/upgrade/index.php
Not Found: /wp-includes.bak/html-api/about.php
Not Found: /wp-includes/404.php
Not Found: /wp-includes/ID3/about.php
Not Found: /wp-includes/SimplePie/wp-login.php
Not Found: /wp-includes/Text/about.php
Not Found: /wp-includes/bak.php
Not Found: /wp-includes/block-patterns/about.php
Not Found: /wp-includes/cloud.php
Not Found: /wp-includes/customize/about.php
Not Found: /wp-includes/function.php
Not Found: /wp-includes/images/css.php
Not Found: /wp-includes/pomo/about.php
Not Found: /wp-includes/repeater.php
Not Found: /wp-includes/rest-api/about.php
Not Found: /wp-includes/system_log.php
Not Found: /wp-includes/themes.php
Not Found: /wp-includes/widgets/about.php
Not Found: /wp-includes/wp-activate.php
Not Found: /wp-includes/wp-login.php
Not Found: /wp-links-opml.php
Not Found: /wp-p.php7
Not Found: /ws.php7
Not Found: /wsoyanz.php
Not Found: /xmrlpc.php
Not Found: /.env
User Dhruv@gmail.com logged in successfully.
Internal Server Error: /reports/
Traceback (most recent call last):
  File "/root/wtsdashboard/whatsappsms_develop/sms/smsapp/views.py", line 493, in Reports
    df['phone_number_id'] = df['phone_number_id'].astype('Int64')
                            ^^^^^^^^^^^^^^^^^^^^^^^^^^^^^^^^^^^^^
  File "/root/wtsdashboard/wtsenv/lib/python3.12/site-packages/pandas/core/generic.py", line 6643, in astype
    new_data = self._mgr.astype(dtype=dtype, copy=copy, errors=errors)
               ^^^^^^^^^^^^^^^^^^^^^^^^^^^^^^^^^^^^^^^^^^^^^^^^^^^^^^^
  File "/root/wtsdashboard/wtsenv/lib/python3.12/site-packages/pandas/core/internals/managers.py", line 430, in astype
    return self.apply(
           ^^^^^^^^^^^
  File "/root/wtsdashboard/wtsenv/lib/python3.12/site-packages/pandas/core/internals/managers.py", line 363, in apply
    applied = getattr(b, f)(**kwargs)
              ^^^^^^^^^^^^^^^^^^^^^^^
  File "/root/wtsdashboard/wtsenv/lib/python3.12/site-packages/pandas/core/internals/blocks.py", line 758, in astype
    new_values = astype_array_safe(values, dtype, copy=copy, errors=errors)
                 ^^^^^^^^^^^^^^^^^^^^^^^^^^^^^^^^^^^^^^^^^^^^^^^^^^^^^^^^^^
  File "/root/wtsdashboard/wtsenv/lib/python3.12/site-packages/pandas/core/dtypes/astype.py", line 237, in astype_array_safe
    new_values = astype_array(values, dtype, copy=copy)
                 ^^^^^^^^^^^^^^^^^^^^^^^^^^^^^^^^^^^^^^
  File "/root/wtsdashboard/wtsenv/lib/python3.12/site-packages/pandas/core/dtypes/astype.py", line 182, in astype_array
    values = _astype_nansafe(values, dtype, copy=copy)
             ^^^^^^^^^^^^^^^^^^^^^^^^^^^^^^^^^^^^^^^^^
  File "/root/wtsdashboard/wtsenv/lib/python3.12/site-packages/pandas/core/dtypes/astype.py", line 80, in _astype_nansafe
    return dtype.construct_array_type()._from_sequence(arr, dtype=dtype, copy=copy)
           ^^^^^^^^^^^^^^^^^^^^^^^^^^^^^^^^^^^^^^^^^^^^^^^^^^^^^^^^^^^^^^^^^^^^^^^^
  File "/root/wtsdashboard/wtsenv/lib/python3.12/site-packages/pandas/core/arrays/masked.py", line 152, in _from_sequence
    values, mask = cls._coerce_to_array(scalars, dtype=dtype, copy=copy)
                   ^^^^^^^^^^^^^^^^^^^^^^^^^^^^^^^^^^^^^^^^^^^^^^^^^^^^^
  File "/root/wtsdashboard/wtsenv/lib/python3.12/site-packages/pandas/core/arrays/numeric.py", line 272, in _coerce_to_array
    values, mask, _, _ = _coerce_to_data_and_mask(
                         ^^^^^^^^^^^^^^^^^^^^^^^^^
  File "/root/wtsdashboard/wtsenv/lib/python3.12/site-packages/pandas/core/arrays/numeric.py", line 227, in _coerce_to_data_and_mask
    values = values.astype(dtype, copy=copy)
             ^^^^^^^^^^^^^^^^^^^^^^^^^^^^^^^
ValueError: invalid literal for int() with base 10: '344709618736355.0'

During handling of the above exception, another exception occurred:

Traceback (most recent call last):
  File "/root/wtsdashboard/wtsenv/lib/python3.12/site-packages/django/core/handlers/exception.py", line 55, in inner
    response = get_response(request)
               ^^^^^^^^^^^^^^^^^^^^^
  File "/root/wtsdashboard/wtsenv/lib/python3.12/site-packages/django/core/handlers/base.py", line 197, in _get_response
    response = wrapped_callback(request, *callback_args, **callback_kwargs)
               ^^^^^^^^^^^^^^^^^^^^^^^^^^^^^^^^^^^^^^^^^^^^^^^^^^^^^^^^^^^^
  File "/root/wtsdashboard/wtsenv/lib/python3.12/site-packages/django/contrib/auth/decorators.py", line 23, in _wrapper_view
    return view_func(request, *args, **kwargs)
           ^^^^^^^^^^^^^^^^^^^^^^^^^^^^^^^^^^^
  File "/root/wtsdashboard/whatsappsms_develop/sms/smsapp/views.py", line 540, in Reports
    return render(request, "reports.html", context)
                                           ^^^^^^^
UnboundLocalError: cannot access local variable 'context' where it is not associated with a value
Internal Server Error: /admin/smsapp/reportinfo/
Traceback (most recent call last):
  File "/root/wtsdashboard/wtsenv/lib/python3.12/site-packages/django/core/handlers/exception.py", line 55, in inner
    response = get_response(request)
               ^^^^^^^^^^^^^^^^^^^^^
  File "/root/wtsdashboard/wtsenv/lib/python3.12/site-packages/django/core/handlers/base.py", line 197, in _get_response
    response = wrapped_callback(request, *callback_args, **callback_kwargs)
               ^^^^^^^^^^^^^^^^^^^^^^^^^^^^^^^^^^^^^^^^^^^^^^^^^^^^^^^^^^^^
  File "/root/wtsdashboard/wtsenv/lib/python3.12/site-packages/django/contrib/admin/options.py", line 716, in wrapper
    return self.admin_site.admin_view(view)(*args, **kwargs)
           ^^^^^^^^^^^^^^^^^^^^^^^^^^^^^^^^^^^^^^^^^^^^^^^^^
  File "/root/wtsdashboard/wtsenv/lib/python3.12/site-packages/django/utils/decorators.py", line 188, in _view_wrapper
    result = _process_exception(request, e)
             ^^^^^^^^^^^^^^^^^^^^^^^^^^^^^^
  File "/root/wtsdashboard/wtsenv/lib/python3.12/site-packages/django/utils/decorators.py", line 186, in _view_wrapper
    response = view_func(request, *args, **kwargs)
               ^^^^^^^^^^^^^^^^^^^^^^^^^^^^^^^^^^^
  File "/root/wtsdashboard/wtsenv/lib/python3.12/site-packages/django/views/decorators/cache.py", line 80, in _view_wrapper
    response = view_func(request, *args, **kwargs)
               ^^^^^^^^^^^^^^^^^^^^^^^^^^^^^^^^^^^
  File "/root/wtsdashboard/wtsenv/lib/python3.12/site-packages/django/contrib/admin/sites.py", line 240, in inner
    return view(request, *args, **kwargs)
           ^^^^^^^^^^^^^^^^^^^^^^^^^^^^^^
  File "/root/wtsdashboard/wtsenv/lib/python3.12/site-packages/django/utils/decorators.py", line 48, in _wrapper
    return bound_method(*args, **kwargs)
           ^^^^^^^^^^^^^^^^^^^^^^^^^^^^^
  File "/root/wtsdashboard/wtsenv/lib/python3.12/site-packages/django/utils/decorators.py", line 188, in _view_wrapper
    result = _process_exception(request, e)
             ^^^^^^^^^^^^^^^^^^^^^^^^^^^^^^
  File "/root/wtsdashboard/wtsenv/lib/python3.12/site-packages/django/utils/decorators.py", line 186, in _view_wrapper
    response = view_func(request, *args, **kwargs)
               ^^^^^^^^^^^^^^^^^^^^^^^^^^^^^^^^^^^
  File "/root/wtsdashboard/wtsenv/lib/python3.12/site-packages/django/contrib/admin/options.py", line 1985, in changelist_view
    cl = self.get_changelist_instance(request)
         ^^^^^^^^^^^^^^^^^^^^^^^^^^^^^^^^^^^^^
  File "/root/wtsdashboard/wtsenv/lib/python3.12/site-packages/django/contrib/admin/options.py", line 864, in get_changelist_instance
    return ChangeList(
           ^^^^^^^^^^^
  File "/root/wtsdashboard/wtsenv/lib/python3.12/site-packages/django/contrib/admin/views/main.py", line 144, in __init__
    self.queryset = self.get_queryset(request)
                    ^^^^^^^^^^^^^^^^^^^^^^^^^^
  File "/root/wtsdashboard/wtsenv/lib/python3.12/site-packages/django/contrib/admin/views/main.py", line 577, in get_queryset
    qs, search_may_have_duplicates = self.model_admin.get_search_results(
                                     ^^^^^^^^^^^^^^^^^^^^^^^^^^^^^^^^^^^^
  File "/root/wtsdashboard/wtsenv/lib/python3.12/site-packages/django/contrib/admin/options.py", line 1187, in get_search_results
    queryset = queryset.filter(models.Q.create(term_queries))
               ^^^^^^^^^^^^^^^^^^^^^^^^^^^^^^^^^^^^^^^^^^^^^^
  File "/root/wtsdashboard/wtsenv/lib/python3.12/site-packages/django/db/models/query.py", line 1476, in filter
    return self._filter_or_exclude(False, args, kwargs)
           ^^^^^^^^^^^^^^^^^^^^^^^^^^^^^^^^^^^^^^^^^^^^
  File "/root/wtsdashboard/wtsenv/lib/python3.12/site-packages/django/db/models/query.py", line 1494, in _filter_or_exclude
    clone._filter_or_exclude_inplace(negate, args, kwargs)
  File "/root/wtsdashboard/wtsenv/lib/python3.12/site-packages/django/db/models/query.py", line 1501, in _filter_or_exclude_inplace
    self._query.add_q(Q(*args, **kwargs))
  File "/root/wtsdashboard/wtsenv/lib/python3.12/site-packages/django/db/models/sql/query.py", line 1613, in add_q
    clause, _ = self._add_q(q_object, self.used_aliases)
                ^^^^^^^^^^^^^^^^^^^^^^^^^^^^^^^^^^^^^^^^
  File "/root/wtsdashboard/wtsenv/lib/python3.12/site-packages/django/db/models/sql/query.py", line 1645, in _add_q
    child_clause, needed_inner = self.build_filter(
                                 ^^^^^^^^^^^^^^^^^^
  File "/root/wtsdashboard/wtsenv/lib/python3.12/site-packages/django/db/models/sql/query.py", line 1472, in build_filter
    return self._add_q(
           ^^^^^^^^^^^^
  File "/root/wtsdashboard/wtsenv/lib/python3.12/site-packages/django/db/models/sql/query.py", line 1645, in _add_q
    child_clause, needed_inner = self.build_filter(
                                 ^^^^^^^^^^^^^^^^^^
  File "/root/wtsdashboard/wtsenv/lib/python3.12/site-packages/django/db/models/sql/query.py", line 1472, in build_filter
    return self._add_q(
           ^^^^^^^^^^^^
  File "/root/wtsdashboard/wtsenv/lib/python3.12/site-packages/django/db/models/sql/query.py", line 1645, in _add_q
    child_clause, needed_inner = self.build_filter(
                                 ^^^^^^^^^^^^^^^^^^
  File "/root/wtsdashboard/wtsenv/lib/python3.12/site-packages/django/db/models/sql/query.py", line 1559, in build_filter
    condition = self.build_lookup(lookups, col, value)
                ^^^^^^^^^^^^^^^^^^^^^^^^^^^^^^^^^^^^^^
  File "/root/wtsdashboard/wtsenv/lib/python3.12/site-packages/django/db/models/sql/query.py", line 1376, in build_lookup
    lhs = self.try_transform(lhs, name)
          ^^^^^^^^^^^^^^^^^^^^^^^^^^^^^
  File "/root/wtsdashboard/wtsenv/lib/python3.12/site-packages/django/db/models/sql/query.py", line 1427, in try_transform
    raise FieldError(
django.core.exceptions.FieldError: Unsupported lookup 'email' for CharField or join on the field not permitted.
Internal Server Error: /admin/smsapp/reportinfo/
Traceback (most recent call last):
  File "/root/wtsdashboard/wtsenv/lib/python3.12/site-packages/django/core/handlers/exception.py", line 55, in inner
    response = get_response(request)
               ^^^^^^^^^^^^^^^^^^^^^
  File "/root/wtsdashboard/wtsenv/lib/python3.12/site-packages/django/core/handlers/base.py", line 197, in _get_response
    response = wrapped_callback(request, *callback_args, **callback_kwargs)
               ^^^^^^^^^^^^^^^^^^^^^^^^^^^^^^^^^^^^^^^^^^^^^^^^^^^^^^^^^^^^
  File "/root/wtsdashboard/wtsenv/lib/python3.12/site-packages/django/contrib/admin/options.py", line 716, in wrapper
    return self.admin_site.admin_view(view)(*args, **kwargs)
           ^^^^^^^^^^^^^^^^^^^^^^^^^^^^^^^^^^^^^^^^^^^^^^^^^
  File "/root/wtsdashboard/wtsenv/lib/python3.12/site-packages/django/utils/decorators.py", line 188, in _view_wrapper
    result = _process_exception(request, e)
             ^^^^^^^^^^^^^^^^^^^^^^^^^^^^^^
  File "/root/wtsdashboard/wtsenv/lib/python3.12/site-packages/django/utils/decorators.py", line 186, in _view_wrapper
    response = view_func(request, *args, **kwargs)
               ^^^^^^^^^^^^^^^^^^^^^^^^^^^^^^^^^^^
  File "/root/wtsdashboard/wtsenv/lib/python3.12/site-packages/django/views/decorators/cache.py", line 80, in _view_wrapper
    response = view_func(request, *args, **kwargs)
               ^^^^^^^^^^^^^^^^^^^^^^^^^^^^^^^^^^^
  File "/root/wtsdashboard/wtsenv/lib/python3.12/site-packages/django/contrib/admin/sites.py", line 240, in inner
    return view(request, *args, **kwargs)
           ^^^^^^^^^^^^^^^^^^^^^^^^^^^^^^
  File "/root/wtsdashboard/wtsenv/lib/python3.12/site-packages/django/utils/decorators.py", line 48, in _wrapper
    return bound_method(*args, **kwargs)
           ^^^^^^^^^^^^^^^^^^^^^^^^^^^^^
  File "/root/wtsdashboard/wtsenv/lib/python3.12/site-packages/django/utils/decorators.py", line 188, in _view_wrapper
    result = _process_exception(request, e)
             ^^^^^^^^^^^^^^^^^^^^^^^^^^^^^^
  File "/root/wtsdashboard/wtsenv/lib/python3.12/site-packages/django/utils/decorators.py", line 186, in _view_wrapper
    response = view_func(request, *args, **kwargs)
               ^^^^^^^^^^^^^^^^^^^^^^^^^^^^^^^^^^^
  File "/root/wtsdashboard/wtsenv/lib/python3.12/site-packages/django/contrib/admin/options.py", line 1985, in changelist_view
    cl = self.get_changelist_instance(request)
         ^^^^^^^^^^^^^^^^^^^^^^^^^^^^^^^^^^^^^
  File "/root/wtsdashboard/wtsenv/lib/python3.12/site-packages/django/contrib/admin/options.py", line 864, in get_changelist_instance
    return ChangeList(
           ^^^^^^^^^^^
  File "/root/wtsdashboard/wtsenv/lib/python3.12/site-packages/django/contrib/admin/views/main.py", line 144, in __init__
    self.queryset = self.get_queryset(request)
                    ^^^^^^^^^^^^^^^^^^^^^^^^^^
  File "/root/wtsdashboard/wtsenv/lib/python3.12/site-packages/django/contrib/admin/views/main.py", line 577, in get_queryset
    qs, search_may_have_duplicates = self.model_admin.get_search_results(
                                     ^^^^^^^^^^^^^^^^^^^^^^^^^^^^^^^^^^^^
  File "/root/wtsdashboard/wtsenv/lib/python3.12/site-packages/django/contrib/admin/options.py", line 1187, in get_search_results
    queryset = queryset.filter(models.Q.create(term_queries))
               ^^^^^^^^^^^^^^^^^^^^^^^^^^^^^^^^^^^^^^^^^^^^^^
  File "/root/wtsdashboard/wtsenv/lib/python3.12/site-packages/django/db/models/query.py", line 1476, in filter
    return self._filter_or_exclude(False, args, kwargs)
           ^^^^^^^^^^^^^^^^^^^^^^^^^^^^^^^^^^^^^^^^^^^^
  File "/root/wtsdashboard/wtsenv/lib/python3.12/site-packages/django/db/models/query.py", line 1494, in _filter_or_exclude
    clone._filter_or_exclude_inplace(negate, args, kwargs)
  File "/root/wtsdashboard/wtsenv/lib/python3.12/site-packages/django/db/models/query.py", line 1501, in _filter_or_exclude_inplace
    self._query.add_q(Q(*args, **kwargs))
  File "/root/wtsdashboard/wtsenv/lib/python3.12/site-packages/django/db/models/sql/query.py", line 1613, in add_q
    clause, _ = self._add_q(q_object, self.used_aliases)
                ^^^^^^^^^^^^^^^^^^^^^^^^^^^^^^^^^^^^^^^^
  File "/root/wtsdashboard/wtsenv/lib/python3.12/site-packages/django/db/models/sql/query.py", line 1645, in _add_q
    child_clause, needed_inner = self.build_filter(
                                 ^^^^^^^^^^^^^^^^^^
  File "/root/wtsdashboard/wtsenv/lib/python3.12/site-packages/django/db/models/sql/query.py", line 1472, in build_filter
    return self._add_q(
           ^^^^^^^^^^^^
  File "/root/wtsdashboard/wtsenv/lib/python3.12/site-packages/django/db/models/sql/query.py", line 1645, in _add_q
    child_clause, needed_inner = self.build_filter(
                                 ^^^^^^^^^^^^^^^^^^
  File "/root/wtsdashboard/wtsenv/lib/python3.12/site-packages/django/db/models/sql/query.py", line 1472, in build_filter
    return self._add_q(
           ^^^^^^^^^^^^
  File "/root/wtsdashboard/wtsenv/lib/python3.12/site-packages/django/db/models/sql/query.py", line 1645, in _add_q
    child_clause, needed_inner = self.build_filter(
                                 ^^^^^^^^^^^^^^^^^^
  File "/root/wtsdashboard/wtsenv/lib/python3.12/site-packages/django/db/models/sql/query.py", line 1559, in build_filter
    condition = self.build_lookup(lookups, col, value)
                ^^^^^^^^^^^^^^^^^^^^^^^^^^^^^^^^^^^^^^
  File "/root/wtsdashboard/wtsenv/lib/python3.12/site-packages/django/db/models/sql/query.py", line 1376, in build_lookup
    lhs = self.try_transform(lhs, name)
          ^^^^^^^^^^^^^^^^^^^^^^^^^^^^^
  File "/root/wtsdashboard/wtsenv/lib/python3.12/site-packages/django/db/models/sql/query.py", line 1427, in try_transform
    raise FieldError(
django.core.exceptions.FieldError: Unsupported lookup 'email' for CharField or join on the field not permitted.
Internal Server Error: /admin/smsapp/reportinfo/
Traceback (most recent call last):
  File "/root/wtsdashboard/wtsenv/lib/python3.12/site-packages/django/core/handlers/exception.py", line 55, in inner
    response = get_response(request)
               ^^^^^^^^^^^^^^^^^^^^^
  File "/root/wtsdashboard/wtsenv/lib/python3.12/site-packages/django/core/handlers/base.py", line 197, in _get_response
    response = wrapped_callback(request, *callback_args, **callback_kwargs)
               ^^^^^^^^^^^^^^^^^^^^^^^^^^^^^^^^^^^^^^^^^^^^^^^^^^^^^^^^^^^^
  File "/root/wtsdashboard/wtsenv/lib/python3.12/site-packages/django/contrib/admin/options.py", line 716, in wrapper
    return self.admin_site.admin_view(view)(*args, **kwargs)
           ^^^^^^^^^^^^^^^^^^^^^^^^^^^^^^^^^^^^^^^^^^^^^^^^^
  File "/root/wtsdashboard/wtsenv/lib/python3.12/site-packages/django/utils/decorators.py", line 188, in _view_wrapper
    result = _process_exception(request, e)
             ^^^^^^^^^^^^^^^^^^^^^^^^^^^^^^
  File "/root/wtsdashboard/wtsenv/lib/python3.12/site-packages/django/utils/decorators.py", line 186, in _view_wrapper
    response = view_func(request, *args, **kwargs)
               ^^^^^^^^^^^^^^^^^^^^^^^^^^^^^^^^^^^
  File "/root/wtsdashboard/wtsenv/lib/python3.12/site-packages/django/views/decorators/cache.py", line 80, in _view_wrapper
    response = view_func(request, *args, **kwargs)
               ^^^^^^^^^^^^^^^^^^^^^^^^^^^^^^^^^^^
  File "/root/wtsdashboard/wtsenv/lib/python3.12/site-packages/django/contrib/admin/sites.py", line 240, in inner
    return view(request, *args, **kwargs)
           ^^^^^^^^^^^^^^^^^^^^^^^^^^^^^^
  File "/root/wtsdashboard/wtsenv/lib/python3.12/site-packages/django/utils/decorators.py", line 48, in _wrapper
    return bound_method(*args, **kwargs)
           ^^^^^^^^^^^^^^^^^^^^^^^^^^^^^
  File "/root/wtsdashboard/wtsenv/lib/python3.12/site-packages/django/utils/decorators.py", line 188, in _view_wrapper
    result = _process_exception(request, e)
             ^^^^^^^^^^^^^^^^^^^^^^^^^^^^^^
  File "/root/wtsdashboard/wtsenv/lib/python3.12/site-packages/django/utils/decorators.py", line 186, in _view_wrapper
    response = view_func(request, *args, **kwargs)
               ^^^^^^^^^^^^^^^^^^^^^^^^^^^^^^^^^^^
  File "/root/wtsdashboard/wtsenv/lib/python3.12/site-packages/django/contrib/admin/options.py", line 1985, in changelist_view
    cl = self.get_changelist_instance(request)
         ^^^^^^^^^^^^^^^^^^^^^^^^^^^^^^^^^^^^^
  File "/root/wtsdashboard/wtsenv/lib/python3.12/site-packages/django/contrib/admin/options.py", line 864, in get_changelist_instance
    return ChangeList(
           ^^^^^^^^^^^
  File "/root/wtsdashboard/wtsenv/lib/python3.12/site-packages/django/contrib/admin/views/main.py", line 144, in __init__
    self.queryset = self.get_queryset(request)
                    ^^^^^^^^^^^^^^^^^^^^^^^^^^
  File "/root/wtsdashboard/wtsenv/lib/python3.12/site-packages/django/contrib/admin/views/main.py", line 577, in get_queryset
    qs, search_may_have_duplicates = self.model_admin.get_search_results(
                                     ^^^^^^^^^^^^^^^^^^^^^^^^^^^^^^^^^^^^
  File "/root/wtsdashboard/wtsenv/lib/python3.12/site-packages/django/contrib/admin/options.py", line 1187, in get_search_results
    queryset = queryset.filter(models.Q.create(term_queries))
               ^^^^^^^^^^^^^^^^^^^^^^^^^^^^^^^^^^^^^^^^^^^^^^
  File "/root/wtsdashboard/wtsenv/lib/python3.12/site-packages/django/db/models/query.py", line 1476, in filter
    return self._filter_or_exclude(False, args, kwargs)
           ^^^^^^^^^^^^^^^^^^^^^^^^^^^^^^^^^^^^^^^^^^^^
  File "/root/wtsdashboard/wtsenv/lib/python3.12/site-packages/django/db/models/query.py", line 1494, in _filter_or_exclude
    clone._filter_or_exclude_inplace(negate, args, kwargs)
  File "/root/wtsdashboard/wtsenv/lib/python3.12/site-packages/django/db/models/query.py", line 1501, in _filter_or_exclude_inplace
    self._query.add_q(Q(*args, **kwargs))
  File "/root/wtsdashboard/wtsenv/lib/python3.12/site-packages/django/db/models/sql/query.py", line 1613, in add_q
    clause, _ = self._add_q(q_object, self.used_aliases)
                ^^^^^^^^^^^^^^^^^^^^^^^^^^^^^^^^^^^^^^^^
  File "/root/wtsdashboard/wtsenv/lib/python3.12/site-packages/django/db/models/sql/query.py", line 1645, in _add_q
    child_clause, needed_inner = self.build_filter(
                                 ^^^^^^^^^^^^^^^^^^
  File "/root/wtsdashboard/wtsenv/lib/python3.12/site-packages/django/db/models/sql/query.py", line 1472, in build_filter
    return self._add_q(
           ^^^^^^^^^^^^
  File "/root/wtsdashboard/wtsenv/lib/python3.12/site-packages/django/db/models/sql/query.py", line 1645, in _add_q
    child_clause, needed_inner = self.build_filter(
                                 ^^^^^^^^^^^^^^^^^^
  File "/root/wtsdashboard/wtsenv/lib/python3.12/site-packages/django/db/models/sql/query.py", line 1472, in build_filter
    return self._add_q(
           ^^^^^^^^^^^^
  File "/root/wtsdashboard/wtsenv/lib/python3.12/site-packages/django/db/models/sql/query.py", line 1645, in _add_q
    child_clause, needed_inner = self.build_filter(
                                 ^^^^^^^^^^^^^^^^^^
  File "/root/wtsdashboard/wtsenv/lib/python3.12/site-packages/django/db/models/sql/query.py", line 1559, in build_filter
    condition = self.build_lookup(lookups, col, value)
                ^^^^^^^^^^^^^^^^^^^^^^^^^^^^^^^^^^^^^^
  File "/root/wtsdashboard/wtsenv/lib/python3.12/site-packages/django/db/models/sql/query.py", line 1376, in build_lookup
    lhs = self.try_transform(lhs, name)
          ^^^^^^^^^^^^^^^^^^^^^^^^^^^^^
  File "/root/wtsdashboard/wtsenv/lib/python3.12/site-packages/django/db/models/sql/query.py", line 1427, in try_transform
    raise FieldError(
django.core.exceptions.FieldError: Unsupported lookup 'email' for CharField or join on the field not permitted.
User Rudralogistic logged in successfully.
Internal Server Error: /campaign/
Traceback (most recent call last):
  File "/root/wtsdashboard/wtsenv/lib/python3.12/site-packages/django/core/handlers/exception.py", line 55, in inner
    response = get_response(request)
               ^^^^^^^^^^^^^^^^^^^^^
  File "/root/wtsdashboard/wtsenv/lib/python3.12/site-packages/django/core/handlers/base.py", line 197, in _get_response
    response = wrapped_callback(request, *callback_args, **callback_kwargs)
               ^^^^^^^^^^^^^^^^^^^^^^^^^^^^^^^^^^^^^^^^^^^^^^^^^^^^^^^^^^^^
  File "/root/wtsdashboard/wtsenv/lib/python3.12/site-packages/django/contrib/auth/decorators.py", line 23, in _wrapper_view
    return view_func(request, *args, **kwargs)
           ^^^^^^^^^^^^^^^^^^^^^^^^^^^^^^^^^^^
  File "/root/wtsdashboard/whatsappsms_develop/sms/smsapp/views.py", line 429, in Campaign
    header_content = header_handle(header_content, token, app_id)
                     ^^^^^^^^^^^^^^^^^^^^^^^^^^^^^^^^^^^^^^^^^^^^
  File "/root/wtsdashboard/whatsappsms_develop/sms/smsapp/functions/template_msg.py", line 36, in header_handle
    file_length = file_path.size
                  ^^^^^^^^^^^^^^
AttributeError: 'NoneType' object has no attribute 'size'
Internal Server Error: /campaign/
Traceback (most recent call last):
  File "/root/wtsdashboard/wtsenv/lib/python3.12/site-packages/django/core/handlers/exception.py", line 55, in inner
    response = get_response(request)
               ^^^^^^^^^^^^^^^^^^^^^
  File "/root/wtsdashboard/wtsenv/lib/python3.12/site-packages/django/core/handlers/base.py", line 197, in _get_response
    response = wrapped_callback(request, *callback_args, **callback_kwargs)
               ^^^^^^^^^^^^^^^^^^^^^^^^^^^^^^^^^^^^^^^^^^^^^^^^^^^^^^^^^^^^
  File "/root/wtsdashboard/wtsenv/lib/python3.12/site-packages/django/contrib/auth/decorators.py", line 23, in _wrapper_view
    return view_func(request, *args, **kwargs)
           ^^^^^^^^^^^^^^^^^^^^^^^^^^^^^^^^^^^
  File "/root/wtsdashboard/whatsappsms_develop/sms/smsapp/views.py", line 429, in Campaign
    header_content = header_handle(header_content, token, app_id)
                     ^^^^^^^^^^^^^^^^^^^^^^^^^^^^^^^^^^^^^^^^^^^^
  File "/root/wtsdashboard/whatsappsms_develop/sms/smsapp/functions/template_msg.py", line 36, in header_handle
    file_length = file_path.size
                  ^^^^^^^^^^^^^^
AttributeError: 'NoneType' object has no attribute 'size'
Not Found: /accounts/login/
User Mukesh-demo@gmail.com logged in successfully.
Send_Sms: rudralogistic@gmail.com, 492630533932274, rudraxrrre, 1726707304773205, ['919999068986', '919711618080', '919266303773', '918700197872', '919899987773'], ['919711618080', '919266303773', '918700197872', '919899987773', '919999068986'], testing, []
User Rudralogistic logged in successfully.
Not Found: /ajax/docs/nav/
Not Found: /api/graphql/
User Mukesh-demo@gmail.com logged in successfully.
Not Found: /ajax/docs/nav/
Not Found: /api/graphql/
Not Found: /ajax/docs/nav/
Not Found: /api/graphql/
User opinder@gmail.com logged in successfully.
Internal Server Error: /campaign/
Traceback (most recent call last):
  File "/root/wtsdashboard/wtsenv/lib/python3.12/site-packages/django/db/backends/utils.py", line 105, in _execute
    return self.cursor.execute(sql, params)
           ^^^^^^^^^^^^^^^^^^^^^^^^^^^^^^^^
  File "/root/wtsdashboard/wtsenv/lib/python3.12/site-packages/django/db/backends/sqlite3/base.py", line 329, in execute
    return super().execute(query, params)
           ^^^^^^^^^^^^^^^^^^^^^^^^^^^^^^
sqlite3.IntegrityError: NOT NULL constraint failed: smsapp_templatelinkage.image_id

The above exception was the direct cause of the following exception:

Traceback (most recent call last):
  File "/root/wtsdashboard/wtsenv/lib/python3.12/site-packages/django/core/handlers/exception.py", line 55, in inner
    response = get_response(request)
               ^^^^^^^^^^^^^^^^^^^^^
  File "/root/wtsdashboard/wtsenv/lib/python3.12/site-packages/django/core/handlers/base.py", line 197, in _get_response
    response = wrapped_callback(request, *callback_args, **callback_kwargs)
               ^^^^^^^^^^^^^^^^^^^^^^^^^^^^^^^^^^^^^^^^^^^^^^^^^^^^^^^^^^^^
  File "/root/wtsdashboard/wtsenv/lib/python3.12/site-packages/django/contrib/auth/decorators.py", line 23, in _wrapper_view
    return view_func(request, *args, **kwargs)
           ^^^^^^^^^^^^^^^^^^^^^^^^^^^^^^^^^^^
  File "/root/wtsdashboard/whatsappsms_develop/sms/smsapp/views.py", line 432, in Campaign
    TemplateLinkage.objects.create(template_name=template_name, linked_template_name=linked_temp_one, button_name=quick_reply_one, useremail=request.user.email, image_id=media_id_one)
  File "/root/wtsdashboard/wtsenv/lib/python3.12/site-packages/django/db/models/manager.py", line 87, in manager_method
    return getattr(self.get_queryset(), name)(*args, **kwargs)
           ^^^^^^^^^^^^^^^^^^^^^^^^^^^^^^^^^^^^^^^^^^^^^^^^^^^
  File "/root/wtsdashboard/wtsenv/lib/python3.12/site-packages/django/db/models/query.py", line 679, in create
    obj.save(force_insert=True, using=self.db)
  File "/root/wtsdashboard/wtsenv/lib/python3.12/site-packages/django/db/models/base.py", line 822, in save
    self.save_base(
  File "/root/wtsdashboard/wtsenv/lib/python3.12/site-packages/django/db/models/base.py", line 909, in save_base
    updated = self._save_table(
              ^^^^^^^^^^^^^^^^^
  File "/root/wtsdashboard/wtsenv/lib/python3.12/site-packages/django/db/models/base.py", line 1071, in _save_table
    results = self._do_insert(
              ^^^^^^^^^^^^^^^^
  File "/root/wtsdashboard/wtsenv/lib/python3.12/site-packages/django/db/models/base.py", line 1112, in _do_insert
    return manager._insert(
           ^^^^^^^^^^^^^^^^
  File "/root/wtsdashboard/wtsenv/lib/python3.12/site-packages/django/db/models/manager.py", line 87, in manager_method
    return getattr(self.get_queryset(), name)(*args, **kwargs)
           ^^^^^^^^^^^^^^^^^^^^^^^^^^^^^^^^^^^^^^^^^^^^^^^^^^^
  File "/root/wtsdashboard/wtsenv/lib/python3.12/site-packages/django/db/models/query.py", line 1847, in _insert
    return query.get_compiler(using=using).execute_sql(returning_fields)
           ^^^^^^^^^^^^^^^^^^^^^^^^^^^^^^^^^^^^^^^^^^^^^^^^^^^^^^^^^^^^^
  File "/root/wtsdashboard/wtsenv/lib/python3.12/site-packages/django/db/models/sql/compiler.py", line 1823, in execute_sql
    cursor.execute(sql, params)
  File "/root/wtsdashboard/wtsenv/lib/python3.12/site-packages/django/db/backends/utils.py", line 79, in execute
    return self._execute_with_wrappers(
           ^^^^^^^^^^^^^^^^^^^^^^^^^^^^
  File "/root/wtsdashboard/wtsenv/lib/python3.12/site-packages/django/db/backends/utils.py", line 92, in _execute_with_wrappers
    return executor(sql, params, many, context)
           ^^^^^^^^^^^^^^^^^^^^^^^^^^^^^^^^^^^^
  File "/root/wtsdashboard/wtsenv/lib/python3.12/site-packages/django/db/backends/utils.py", line 100, in _execute
    with self.db.wrap_database_errors:
  File "/root/wtsdashboard/wtsenv/lib/python3.12/site-packages/django/db/utils.py", line 91, in __exit__
    raise dj_exc_value.with_traceback(traceback) from exc_value
  File "/root/wtsdashboard/wtsenv/lib/python3.12/site-packages/django/db/backends/utils.py", line 105, in _execute
    return self.cursor.execute(sql, params)
           ^^^^^^^^^^^^^^^^^^^^^^^^^^^^^^^^
  File "/root/wtsdashboard/wtsenv/lib/python3.12/site-packages/django/db/backends/sqlite3/base.py", line 329, in execute
    return super().execute(query, params)
           ^^^^^^^^^^^^^^^^^^^^^^^^^^^^^^
django.db.utils.IntegrityError: NOT NULL constraint failed: smsapp_templatelinkage.image_id
User opinder@gmail.com logged in successfully.
Send_Sms: opinder@gmail.com, 461943037007434, test123, 587769003796143, ['919871729238', '919871729350', '919711340505'], ['919871729238', '919871729350', '919711340505'], test, []
Not Found: /ajax/docs/nav/
Not Found: /api/graphql/
User Rudralogistic logged in successfully.
Not Found: /sitemaps.xml
User Rudralogistic logged in successfully.
Not Found: /.env
Not Found: /robots.txt
Not Found: /sitemaps.xml
Next reply message sent successfully. Template: help_for_cc_pay, Phone Number: 919315494292, Media Type: <class 'str'> IMAGE, Image ID Type: <class 'str'> 575464011646881
Not Found: /robots.txt
Not Found: /robots.txt
Not Found: /robots.txt
Not Found: /robots.txt
Not Found: /sitemap_index.xml
Not Found: /sitemap.xml
Internal Server Error: /bot-interactions/
Traceback (most recent call last):
  File "/root/wtsdashboard/wtsenv/lib/python3.12/site-packages/django/core/handlers/exception.py", line 55, in inner
    response = get_response(request)
               ^^^^^^^^^^^^^^^^^^^^^
  File "/root/wtsdashboard/wtsenv/lib/python3.12/site-packages/django/core/handlers/base.py", line 197, in _get_response
    response = wrapped_callback(request, *callback_args, **callback_kwargs)
               ^^^^^^^^^^^^^^^^^^^^^^^^^^^^^^^^^^^^^^^^^^^^^^^^^^^^^^^^^^^^
  File "/root/wtsdashboard/wtsenv/lib/python3.12/site-packages/django/contrib/auth/decorators.py", line 23, in _wrapper_view
    return view_func(request, *args, **kwargs)
           ^^^^^^^^^^^^^^^^^^^^^^^^^^^^^^^^^^^
  File "/root/wtsdashboard/whatsappsms_develop/sms/smsapp/views.py", line 2030, in bot_interactions
    "contact_name": unique_contact_names[0] if unique_contact_names else None
                                               ^^^^^^^^^^^^^^^^^^^^
ValueError: The truth value of an array with more than one element is ambiguous. Use a.any() or a.all()
Internal Server Error: /bot-interactions/
Traceback (most recent call last):
  File "/root/wtsdashboard/wtsenv/lib/python3.12/site-packages/django/core/handlers/exception.py", line 55, in inner
    response = get_response(request)
               ^^^^^^^^^^^^^^^^^^^^^
  File "/root/wtsdashboard/wtsenv/lib/python3.12/site-packages/django/core/handlers/base.py", line 197, in _get_response
    response = wrapped_callback(request, *callback_args, **callback_kwargs)
               ^^^^^^^^^^^^^^^^^^^^^^^^^^^^^^^^^^^^^^^^^^^^^^^^^^^^^^^^^^^^
  File "/root/wtsdashboard/wtsenv/lib/python3.12/site-packages/django/contrib/auth/decorators.py", line 23, in _wrapper_view
    return view_func(request, *args, **kwargs)
           ^^^^^^^^^^^^^^^^^^^^^^^^^^^^^^^^^^^
  File "/root/wtsdashboard/whatsappsms_develop/sms/smsapp/views.py", line 2030, in bot_interactions
    "contact_name": unique_contact_names[0] if unique_contact_names else None
                                               ^^^^^^^^^^^^^^^^^^^^
ValueError: The truth value of an array with more than one element is ambiguous. Use a.any() or a.all()
User Rudralogistic logged in successfully.
User Rudralogistic logged in successfully.
User Itsolution4india logged in successfully.
User Dhruv@gmail.com logged in successfully.
User opinder@gmail.com logged in successfully.
User varun1@gmail.com logged in successfully.
User varun1@gmail.com logged in successfully.
Send_Sms: rudralogistic@gmail.com, 492630533932274, rudrafinalwe, 1116655840135267, ['917827943656', '919711618080', '918700197872'], ['917827943656', '919711618080', '918700197872'], rudrax, []
Send_Sms: varun1@gmail.com, 344709618736355, singlecointesst, None, ['919311429863'], ['919311429863'], test_user_inter, []
Send_Sms: rudralogistic@gmail.com, 492630533932274, rudrafinalwe, 8680435728709048, ['919810066347', '918010307870', '919811433985', '919811170218', '919871712377', '918800163183', '917065000000', '919811135331', '919810187740', '919810168682', '919811007962', '919711109349', '918802968778', '918860312724', '919818029228', '919811110796', '919310648864', '919310022514', '919810135181', '919250762630', '919910330797', '919312543349', '919818736559', '919717866220', '919873666883', '919650887799', '919811023957', '919312219313', '919818444241', '919212700400', '919810270456', '919810095014', '918368124434', '919811138738', '917838195339', '919312943883', '919811786775', '919650070828', '919999627984', '919711551004', '919899120038', '919811786530', '919312226047', '918510888807', '919350258120', '919810324166', '919312262532', '919289894977', '919810102949', '919871506375', '919310708571', '919999767413', '919811436729', '919891671650', '919312704780', '919312627229', '919810493633', '918700797872', '919560090718', '919711292500', '919811413312', '919810080112', '919821043479', '919871315647', '919555022332', '918090163841', '919873165830', '919599596864', '919310254422', '919814038697', '919818306050', '919818816818', '919311811877', '919818445510', '919999477992', '919810836496', '918010900200', '918826535324', '919811181799', '919810923471', '919810221904', '919810633332', '919810868782', '919899000416', '919811088947', '919811099503', '919911044016', '919958552323', '919312232606', '919811645551', '919899070770', '919899166975', '919310061951', '919811146065', '919818664031', '918750087800', '919212431825', '919811863632', '919810863520', '919899868101', '919818051112', '919899444688', '919810485246', '919811925160', '919211600000', '919811198311', '919999321625', '919810198588', '919910408104', '919910333401', '919811898988', '919899590088', '919560011347', '919871141231', '919811806261', '919899215830', '919968238518', '919310649897', '919810086724', '919811213893', '919873484734', '918851817302', '919811214017', '918373918602', '919810055006', '919811093883', '919810106949', '919810724345', '919818277793', '919810622797', '919811067501', '919810025465', '919811013973', '919999863782', '919990787023', '919213300475', '919811059403', '919811485158', '919999247419', '919212324860', '919810080846', '919811022459', '919560566599', '919811086515', '919999022974', '919818994021', '919810187744', '919811033435', '919810001924', '919015303060', '918886371118', '919810289606', '919811325332', '919313342716', '919810252401', '919810163955', '919811141980', '919213380004', '919810243810', '919818924100', '917710008636', '919891574093', '919953109602', '919811667884', '919810133578', '919911127408', '919810298982', '919810175537', '919818738687', '919810243219', '917703804773', '919818212523', '919716510488', '919891435612', '919999981965', '919811256260', '919811588622', '919654422000', '919654866686', '919999603389', '919971681717', '919810222690', '919811644688', '919910361919', '919999872583', '919312273765', '919811054272', '919810782326', '919313008243', '919643244643', '919999935638', '919811800798', '919312434292', '919810044016', '919873119557', '919313560907', '919811055585', '919999968686', '919810339810', '919999760622', '919312256016', '919810320994', '919560438185', '919810264680', '919999833177', '919311111643', '919313744725', '919810157325', '919811038758', '919891456086', '919811263782', '918700344683', '919968651367', '919821318289', '919350067782', '919891560157', '919811605322', '919811516334', '917042302553', '918860561077', '919818896819', '919810094784', '919811016251', '919540003617', '918826984000', '919311053418', '919810832344', '919899699286', '919540993615', '919811217854', '919871716833', '919811454110', '919999074892', '919810061661', '919818268256', '918826737775', '919810538907', '919810114791', '919350869989', '919811590222', '919971974335', '919971631061', '919811731708', '919811052962', '919810446031', '919868266574', '919818354302', '919810134529', '919811498693', '918285668379', '919811434306', '919810625225', '919811771971', '919899001661', '919868911122', '919873560035', '918447609709', '918130277666', '919811173088', '918130427070', '919711931616', '919810330851', '919971066855', '918860857424', '919868710731', '918447788880', '919312220294', '919818190081', '919818330050', '919811651052', '919310041199', '919871894538', '919910337723', '919873089345', '919212747290', '919810264300', '919810859859', '919871080370', '919752099954', '919350577422', '919811165425', '919971509995', '919811817799', '919891948221', '919312210555', '919560827979', '919711808099', '919871012577', '919818115350', '919310596509', '919810063203', '919811920638', '919971693833', '919210479547', '919953408630', '919873255005', '919810440717', '919810321888', '919811031814', '918700197872', '919555886088', '918283835555', '919350845166', '919899444103', '919999444335', '919811156517', '919871269696', '919891626495', '919868338097', '919811055474', '919911366126', '919811140926', '919818444810', '919899850735', '919899188323', '919999911099', '919582805613', '919811079158', '919999219948', '919212247444', '919811786884', '919717324010', '918588895116', '919810701242', '919810437993', '919810387327', '919810105063', '919211291118', '919212521141', '919810045207', '919810021986', '919810543903', '919811135330', '919810377360', '919811672937', '919999394302', '919810950950', '919891188197', '919810220444', '919999447560', '919910930647', '919810416309', '919818001713', '919911889818', '918373943701', '919873451432', '919312280082', '919911481107', '919810464046', '919212132551', '919311273335', '919871147657', '919312834287', '919927669933', '919911772121', '919810049622', '919971650081', '919350077456', '919810185856', '919560072500', '919990557300', '919711153723', '919313607572', '919811320200', '919910554499', '919810067857', '919810910898', '919810806446', '919717494021', '919810127046', '919312836818', '919999919388', '919811152493', '919810249965', '919999519306', '919811033028', '919811191146', '919811545622', '919211131015', '919311661281', '919810021148', '919312658263', '918744038080', '919717472779', '919811327370', '919871002221', '918448228852', '919911016863', '919818551177', '919811036192', '919313371210', '919810003821', '919811037199', '919310099043', '919311514260', '919870223670', '919811112195', '919811665385', '919654713562', '919818212777', '919873277117', '919810190011', '919868163465', '919312381364', '919999940666', '919818370751', '919711040088', '919718352835', '919910566218', '919999107516', '919810648909', '919968706195', '919312210787', '919599772266', '919312704545', '919899023224', '919810003772', '919990103332', '919891008181', '919811215122', '919810234825', '919811264002', '919871859859', '919818751234', '919891155655', '919810337367', '919911835600', '919868280151', '918527805573', '919582182177', '919811013503', '919891949414', '919810532628', '918139000000', '919654800985', '919818001698', '919899008300', '919811708075', '919810036370', '919911322359', '919811016828', '919999102320', '919911701848', '919312404593', '919999406991', '919811196386', '919871032848', '919560902528', '919811682522', '919810280139', '919312252235', '919810866195', '919312282138', '919810019316', '919873274126', '919810725603', '919873859991', '919873982779', '919650366883', '919810827347', '919811182469', '919810136483', '919810393698', '919891162111', '919810876858', '919810993184', '919871099223', '919213655774', '919899763320', '919811893782', '919811059356', '919810366013', '919999705506', '919250550499', '919810097471', '919999356171', '919810206735', '919818754246', '919999607134', '919810358003', '919910344303', '919859333336', '919999878153', '919810555164', '919999092683', '919555588027', '919891007515', '919312202012', '919899568408', '919811301813', '918448772893', '919350043044', '919810133397', '919600976210', '919899662445', '919810032370', '919910166750', '919810234075', '919811126750', '919810022514', '919810990975', '919910959119', '919810000842', '919873557608', '919818056070', '919819885285', '919811026807', '919312665433', '919810155586', '919560019898', '919810513435', '919811562898', '919811556052', '919811250010', '919811569005', '919871129891', '919810278901', '919999899994', '919716299287', '919953859347', '919312221528', '919910763737', '919899841099', '919899931119', '919811330297', '919953889373', '919811637001', '919911367500', '919810374045', '919717003776', '919999246777', '919702227173', '919311084413', '919582726205', '919958891055', '919818649371', '919811277869', '919818190906', '919810268758', '919811847408', '919999725870', '919910675727', '919899004495', '919811363398', '919810050102', '919811180558', '919811110271', '919999969369', '919810541506', '919818100071', '919891008247', '919811173818', '919810185822', '919999407744', '919810072424', '919873299699', '919210891284', '919999073733', '919811167721', '919540993620', '919810432270', '917011540020', '919891891185', '919205200332', '919873257391', '919254545555', '919711441129', '919811450605', '919811137523', '917827662052', '919999180619', '919910080691', '919873082795', '919999885214', '919871663106', '919313654284', '919811506496', '919810021354', '919811312738', '919968005958', '919213629911', '919871101070', '919212138387', '919810260180', '919560791281', '919810041178', '919818827079', '919991105131', '919654463355', '919811267800', '919810207707', '919312240611', '919810056935', '919818436195', '919810136414', '919810341329', '919811501234', '919810400004', '919999112999', '919873954110', '919213277512', '919999481116', '919811022196', '919811048727', '919810428583', '919810538418', '919873255991', '917290078802', '919810521384', '919311197444', '919212719262', '919810033279', '919810411575', '919015763455', '919899172584', '919811143202', '919868543385', '918130616714', '919873323316', '919213779555', '918797061062', '919818651227', '919811021041', '919899729496', '919899987773', '919891622115', '919711618080', '919899262890', '919810029592', '919873008601', '919811466448', '919873441506', '919811704472', '917982355151', '919999740518', '919810268932', '919810049606', '919910098333', '918447551798', '919810655278', '919212651920', '919810061951', '919810503651', '919999912895', '919818096164', '919818027478', '919871845843', '919810152006', '919350806858', '919810009193', '919999065557', '919313867625', '919810958230', '919810119102', '919310452572', '919312222390', '919810020064'], ['918700197872', '919899987773', '919711618080', '919871845843', '919810152006', '919350806858', '919810009193', '919999065557', '919313867625', '919810958230', '919810119102', '919310452572', '919312222390', '919810020064'], Rrrr, []
Invalid HTTP_HOST header: 'www.wtsdealnow.in'. You may need to add 'www.wtsdealnow.in' to ALLOWED_HOSTS.
Traceback (most recent call last):
  File "/root/wtsdashboard/wtsenv/lib/python3.12/site-packages/django/core/handlers/exception.py", line 55, in inner
    response = get_response(request)
               ^^^^^^^^^^^^^^^^^^^^^
  File "/root/wtsdashboard/wtsenv/lib/python3.12/site-packages/django/utils/deprecation.py", line 133, in __call__
    response = self.process_request(request)
               ^^^^^^^^^^^^^^^^^^^^^^^^^^^^^
  File "/root/wtsdashboard/wtsenv/lib/python3.12/site-packages/django/middleware/common.py", line 48, in process_request
    host = request.get_host()
           ^^^^^^^^^^^^^^^^^^
  File "/root/wtsdashboard/wtsenv/lib/python3.12/site-packages/django/http/request.py", line 151, in get_host
    raise DisallowedHost(msg)
django.core.exceptions.DisallowedHost: Invalid HTTP_HOST header: 'www.wtsdealnow.in'. You may need to add 'www.wtsdealnow.in' to ALLOWED_HOSTS.
Bad Request: /
User Rudralogistic logged in successfully.
Send_Sms: rudralogistic@gmail.com, 492630533932274, rudrafinalwe, 1628235171100495, ['917982195122'], ['917982195122'], shgagdj, []
User Rudralogistic logged in successfully.
Not Found: /sitemap_index.xml
Not Found: /sitemap.xml.gz
Not Found: /.env
Not Found: /owa/auth/x.js
Not Found: /sitemaps.xml
Not Found: /sitemap.xml.gz
Not Found: /sitemap_index.xml
Not Found: /atom.xml
Not Found: /.env
Not Found: /wp-login.php
